{"C:/Users/lenovo/Documents/0. Project/syamresto-ui/src/tests/api.test.ts": {"path":"C:/Users/lenovo/Documents/0. Project/syamresto-ui/src/tests/api.test.ts","statementMap":{"0":{"start":{"line":11,"column":13},"end":{"line":11,"column":null}},"1":{"start":{"line":13,"column":0},"end":{"line":115,"column":null}},"2":{"start":{"line":14,"column":2},"end":{"line":16,"column":null}},"3":{"start":{"line":15,"column":4},"end":{"line":15,"column":null}},"4":{"start":{"line":18,"column":2},"end":{"line":20,"column":null}},"5":{"start":{"line":19,"column":4},"end":{"line":19,"column":null}},"6":{"start":{"line":22,"column":2},"end":{"line":50,"column":null}},"7":{"start":{"line":24,"column":4},"end":{"line":24,"column":null}},"8":{"start":{"line":26,"column":19},"end":{"line":26,"column":null}},"9":{"start":{"line":29,"column":4},"end":{"line":29,"column":null}},"10":{"start":{"line":32,"column":4},"end":{"line":49,"column":null}},"11":{"start":{"line":60,"column":2},"end":{"line":74,"column":null}},"12":{"start":{"line":61,"column":4},"end":{"line":61,"column":null}},"13":{"start":{"line":63,"column":19},"end":{"line":63,"column":null}},"14":{"start":{"line":65,"column":4},"end":{"line":65,"column":null}},"15":{"start":{"line":66,"column":4},"end":{"line":73,"column":null}},"16":{"start":{"line":84,"column":2},"end":{"line":98,"column":null}},"17":{"start":{"line":85,"column":4},"end":{"line":85,"column":null}},"18":{"start":{"line":87,"column":19},"end":{"line":87,"column":null}},"19":{"start":{"line":89,"column":4},"end":{"line":89,"column":null}},"20":{"start":{"line":90,"column":4},"end":{"line":97,"column":null}},"21":{"start":{"line":100,"column":2},"end":{"line":114,"column":null}},"22":{"start":{"line":101,"column":4},"end":{"line":101,"column":null}},"23":{"start":{"line":103,"column":19},"end":{"line":103,"column":null}},"24":{"start":{"line":105,"column":4},"end":{"line":105,"column":null}},"25":{"start":{"line":106,"column":4},"end":{"line":113,"column":null}}},"fnMap":{"0":{"name":"(anonymous_0)","decl":{"start":{"line":13,"column":22},"end":{"line":13,"column":28}},"loc":{"start":{"line":13,"column":28},"end":{"line":115,"column":1}}},"1":{"name":"(anonymous_1)","decl":{"start":{"line":14,"column":13},"end":{"line":14,"column":19}},"loc":{"start":{"line":14,"column":19},"end":{"line":16,"column":3}}},"2":{"name":"(anonymous_2)","decl":{"start":{"line":18,"column":12},"end":{"line":18,"column":18}},"loc":{"start":{"line":18,"column":18},"end":{"line":20,"column":3}}},"3":{"name":"(anonymous_3)","decl":{"start":{"line":22,"column":48},"end":{"line":22,"column":60}},"loc":{"start":{"line":22,"column":60},"end":{"line":50,"column":3}}},"4":{"name":"(anonymous_4)","decl":{"start":{"line":60,"column":50},"end":{"line":60,"column":62}},"loc":{"start":{"line":60,"column":62},"end":{"line":74,"column":3}}},"5":{"name":"(anonymous_5)","decl":{"start":{"line":84,"column":48},"end":{"line":84,"column":60}},"loc":{"start":{"line":84,"column":60},"end":{"line":98,"column":3}}},"6":{"name":"(anonymous_6)","decl":{"start":{"line":100,"column":47},"end":{"line":100,"column":59}},"loc":{"start":{"line":100,"column":59},"end":{"line":114,"column":3}}}},"branchMap":{},"s":{"0":1,"1":1,"2":1,"3":4,"4":1,"5":4,"6":1,"7":1,"8":1,"9":1,"10":1,"11":1,"12":1,"13":1,"14":1,"15":1,"16":1,"17":1,"18":1,"19":1,"20":1,"21":1,"22":1,"23":1,"24":1,"25":1},"f":{"0":1,"1":4,"2":4,"3":1,"4":1,"5":1,"6":1},"b":{}}
,"C:/Users/lenovo/Documents/0. Project/syamresto-ui/src/tests/axios.test.ts": {"path":"C:/Users/lenovo/Documents/0. Project/syamresto-ui/src/tests/axios.test.ts","statementMap":{"0":{"start":{"line":15,"column":0},"end":{"line":60,"column":null}},"1":{"start":{"line":16,"column":2},"end":{"line":24,"column":null}},"2":{"start":{"line":17,"column":26},"end":{"line":17,"column":null}},"3":{"start":{"line":20,"column":4},"end":{"line":22,"column":null}},"4":{"start":{"line":23,"column":4},"end":{"line":23,"column":null}},"5":{"start":{"line":37,"column":2},"end":{"line":45,"column":null}},"6":{"start":{"line":38,"column":25},"end":{"line":38,"column":null}},"7":{"start":{"line":39,"column":4},"end":{"line":39,"column":null}},"8":{"start":{"line":42,"column":4},"end":{"line":42,"column":null}},"9":{"start":{"line":44,"column":4},"end":{"line":44,"column":null}},"10":{"start":{"line":47,"column":2},"end":{"line":59,"column":null}},"11":{"start":{"line":48,"column":22},"end":{"line":48,"column":null}},"12":{"start":{"line":49,"column":4},"end":{"line":49,"column":null}},"13":{"start":{"line":52,"column":4},"end":{"line":58,"column":null}},"14":{"start":{"line":53,"column":6},"end":{"line":53,"column":null}},"15":{"start":{"line":55,"column":6},"end":{"line":55,"column":null}},"16":{"start":{"line":56,"column":6},"end":{"line":56,"column":null}},"17":{"start":{"line":57,"column":6},"end":{"line":57,"column":null}}},"fnMap":{"0":{"name":"(anonymous_0)","decl":{"start":{"line":15,"column":19},"end":{"line":15,"column":25}},"loc":{"start":{"line":15,"column":25},"end":{"line":60,"column":1}}},"1":{"name":"(anonymous_1)","decl":{"start":{"line":16,"column":58},"end":{"line":16,"column":64}},"loc":{"start":{"line":16,"column":64},"end":{"line":24,"column":3}}},"2":{"name":"(anonymous_2)","decl":{"start":{"line":37,"column":43},"end":{"line":37,"column":55}},"loc":{"start":{"line":37,"column":55},"end":{"line":45,"column":3}}},"3":{"name":"(anonymous_3)","decl":{"start":{"line":47,"column":62},"end":{"line":47,"column":74}},"loc":{"start":{"line":47,"column":74},"end":{"line":59,"column":3}}}},"branchMap":{},"s":{"0":1,"1":1,"2":1,"3":1,"4":1,"5":1,"6":1,"7":1,"8":1,"9":1,"10":1,"11":1,"12":1,"13":1,"14":1,"15":1,"16":1,"17":1},"f":{"0":1,"1":1,"2":1,"3":1},"b":{}}
,"C:/Users/lenovo/Documents/0. Project/syamresto-ui/src/utils/api/index.ts": {"path":"C:/Users/lenovo/Documents/0. Project/syamresto-ui/src/utils/api/index.ts","statementMap":{"0":{"start":{"line":9,"column":28},"end":{"line":23,"column":null}},"1":{"start":{"line":10,"column":2},"end":{"line":22,"column":null}},"2":{"start":{"line":11,"column":35},"end":{"line":11,"column":null}},"3":{"start":{"line":12,"column":28},"end":{"line":17,"column":null}},"4":{"start":{"line":13,"column":6},"end":{"line":16,"column":null}},"5":{"start":{"line":18,"column":4},"end":{"line":18,"column":null}},"6":{"start":{"line":20,"column":4},"end":{"line":20,"column":null}},"7":{"start":{"line":21,"column":4},"end":{"line":21,"column":null}},"8":{"start":{"line":25,"column":30},"end":{"line":39,"column":null}},"9":{"start":{"line":26,"column":2},"end":{"line":38,"column":null}},"10":{"start":{"line":27,"column":21},"end":{"line":27,"column":null}},"11":{"start":{"line":28,"column":30},"end":{"line":33,"column":null}},"12":{"start":{"line":29,"column":6},"end":{"line":32,"column":null}},"13":{"start":{"line":34,"column":4},"end":{"line":34,"column":null}},"14":{"start":{"line":36,"column":4},"end":{"line":36,"column":null}},"15":{"start":{"line":37,"column":4},"end":{"line":37,"column":null}},"16":{"start":{"line":41,"column":28},"end":{"line":57,"column":null}},"17":{"start":{"line":42,"column":2},"end":{"line":56,"column":null}},"18":{"start":{"line":43,"column":21},"end":{"line":43,"column":null}},"19":{"start":{"line":44,"column":29},"end":{"line":51,"column":null}},"20":{"start":{"line":46,"column":8},"end":{"line":49,"column":null}},"21":{"start":{"line":52,"column":4},"end":{"line":52,"column":null}},"22":{"start":{"line":54,"column":4},"end":{"line":54,"column":null}},"23":{"start":{"line":55,"column":4},"end":{"line":55,"column":null}},"24":{"start":{"line":59,"column":27},"end":{"line":73,"column":null}},"25":{"start":{"line":60,"column":2},"end":{"line":72,"column":null}},"26":{"start":{"line":61,"column":21},"end":{"line":61,"column":null}},"27":{"start":{"line":62,"column":28},"end":{"line":67,"column":null}},"28":{"start":{"line":63,"column":6},"end":{"line":66,"column":null}},"29":{"start":{"line":68,"column":4},"end":{"line":68,"column":null}},"30":{"start":{"line":70,"column":4},"end":{"line":70,"column":null}},"31":{"start":{"line":71,"column":4},"end":{"line":71,"column":null}}},"fnMap":{"0":{"name":"(anonymous_0)","decl":{"start":{"line":9,"column":28},"end":{"line":9,"column":40}},"loc":{"start":{"line":9,"column":40},"end":{"line":23,"column":null}}},"1":{"name":"(anonymous_1)","decl":{"start":{"line":12,"column":51},"end":{"line":12,"column":52}},"loc":{"start":{"line":12,"column":71},"end":{"line":17,"column":5}}},"2":{"name":"(anonymous_2)","decl":{"start":{"line":25,"column":30},"end":{"line":25,"column":42}},"loc":{"start":{"line":25,"column":42},"end":{"line":39,"column":null}}},"3":{"name":"(anonymous_3)","decl":{"start":{"line":28,"column":53},"end":{"line":28,"column":54}},"loc":{"start":{"line":28,"column":77},"end":{"line":33,"column":5}}},"4":{"name":"(anonymous_4)","decl":{"start":{"line":41,"column":28},"end":{"line":41,"column":40}},"loc":{"start":{"line":41,"column":40},"end":{"line":57,"column":null}}},"5":{"name":"(anonymous_5)","decl":{"start":{"line":45,"column":6},"end":{"line":45,"column":7}},"loc":{"start":{"line":45,"column":35},"end":{"line":50,"column":null}}},"6":{"name":"(anonymous_6)","decl":{"start":{"line":59,"column":27},"end":{"line":59,"column":39}},"loc":{"start":{"line":59,"column":39},"end":{"line":73,"column":null}}},"7":{"name":"(anonymous_7)","decl":{"start":{"line":62,"column":51},"end":{"line":62,"column":52}},"loc":{"start":{"line":62,"column":79},"end":{"line":67,"column":5}}}},"branchMap":{},"s":{"0":1,"1":1,"2":1,"3":1,"4":72,"5":1,"6":0,"7":0,"8":1,"9":1,"10":1,"11":1,"12":5,"13":1,"14":0,"15":0,"16":1,"17":1,"18":1,"19":1,"20":9,"21":1,"22":0,"23":0,"24":1,"25":1,"26":1,"27":1,"28":7,"29":1,"30":0,"31":0},"f":{"0":1,"1":72,"2":1,"3":5,"4":1,"5":9,"6":1,"7":7},"b":{}}
,"C:/Users/lenovo/Documents/0. Project/syamresto-ui/src/utils/axios/instance.ts": {"path":"C:/Users/lenovo/Documents/0. Project/syamresto-ui/src/utils/axios/instance.ts","statementMap":{"0":{"start":{"line":3,"column":12},"end":{"line":6,"column":null}},"1":{"start":{"line":8,"column":0},"end":{"line":13,"column":null}},"2":{"start":{"line":10,"column":4},"end":{"line":10,"column":null}},"3":{"start":{"line":12,"column":13},"end":{"line":12,"column":null}},"4":{"start":{"line":15,"column":0},"end":{"line":20,"column":null}},"5":{"start":{"line":16,"column":16},"end":{"line":16,"column":null}},"6":{"start":{"line":18,"column":4},"end":{"line":18,"column":null}}},"fnMap":{"0":{"name":"(anonymous_0)","decl":{"start":{"line":9,"column":2},"end":{"line":9,"column":3}},"loc":{"start":{"line":9,"column":14},"end":{"line":11,"column":null}}},"1":{"name":"(anonymous_1)","decl":{"start":{"line":12,"column":2},"end":{"line":12,"column":3}},"loc":{"start":{"line":12,"column":13},"end":{"line":12,"column":null}}},"2":{"name":"(anonymous_2)","decl":{"start":{"line":16,"column":2},"end":{"line":16,"column":3}},"loc":{"start":{"line":16,"column":16},"end":{"line":16,"column":null}}},"3":{"name":"(anonymous_3)","decl":{"start":{"line":17,"column":2},"end":{"line":17,"column":3}},"loc":{"start":{"line":17,"column":13},"end":{"line":19,"column":null}}}},"branchMap":{},"s":{"0":2,"1":2,"2":6,"3":0,"4":2,"5":5,"6":1},"f":{"0":6,"1":0,"2":5,"3":1},"b":{}}
,"C:/Users/lenovo/Documents/0. Project/syamresto-ui/src/utils/cookies/instance.ts": {"path":"C:/Users/lenovo/Documents/0. Project/syamresto-ui/src/utils/cookies/instance.ts","statementMap":{"0":{"start":{"line":1,"column":25},"end":{"line":6,"column":null}},"1":{"start":{"line":2,"column":15},"end":{"line":2,"column":null}},"2":{"start":{"line":3,"column":2},"end":{"line":3,"column":null}},"3":{"start":{"line":4,"column":18},"end":{"line":4,"column":null}},"4":{"start":{"line":5,"column":2},"end":{"line":5,"column":null}},"5":{"start":{"line":8,"column":25},"end":{"line":17,"column":null}},"6":{"start":{"line":9,"column":17},"end":{"line":9,"column":null}},"7":{"start":{"line":10,"column":13},"end":{"line":10,"column":null}},"8":{"start":{"line":11,"column":2},"end":{"line":15,"column":null}},"9":{"start":{"line":11,"column":15},"end":{"line":11,"column":18}},"10":{"start":{"line":12,"column":12},"end":{"line":12,"column":null}},"11":{"start":{"line":13,"column":4},"end":{"line":13,"column":null}},"12":{"start":{"line":13,"column":32},"end":{"line":13,"column":null}},"13":{"start":{"line":14,"column":4},"end":{"line":14,"column":null}},"14":{"start":{"line":14,"column":33},"end":{"line":14,"column":null}},"15":{"start":{"line":16,"column":2},"end":{"line":16,"column":null}}},"fnMap":{"0":{"name":"(anonymous_0)","decl":{"start":{"line":1,"column":25},"end":{"line":1,"column":26}},"loc":{"start":{"line":1,"column":72},"end":{"line":6,"column":null}}},"1":{"name":"(anonymous_1)","decl":{"start":{"line":8,"column":25},"end":{"line":8,"column":26}},"loc":{"start":{"line":8,"column":43},"end":{"line":17,"column":null}}}},"branchMap":{"0":{"loc":{"start":{"line":14,"column":4},"end":{"line":14,"column":null}},"type":"if","locations":[{"start":{"line":14,"column":4},"end":{"line":14,"column":null}},{"start":{},"end":{}}]}},"s":{"0":0,"1":0,"2":0,"3":0,"4":0,"5":0,"6":0,"7":0,"8":0,"9":0,"10":0,"11":0,"12":0,"13":0,"14":0,"15":0},"f":{"0":0,"1":0},"b":{"0":[0,0]}}
,"C:/Users/lenovo/Documents/0. Project/syamresto-ui/src/utils/zustand/cartItems.ts": {"path":"C:/Users/lenovo/Documents/0. Project/syamresto-ui/src/utils/zustand/cartItems.ts","statementMap":{"0":{"start":{"line":13,"column":32},"end":{"line":48,"column":null}},"1":{"start":{"line":13,"column":64},"end":{"line":48,"column":2}},"2":{"start":{"line":16,"column":4},"end":{"line":33,"column":null}},"3":{"start":{"line":17,"column":32},"end":{"line":19,"column":null}},"4":{"start":{"line":18,"column":18},"end":{"line":18,"column":null}},"5":{"start":{"line":20,"column":6},"end":{"line":32,"column":null}},"6":{"start":{"line":21,"column":33},"end":{"line":21,"column":null}},"7":{"start":{"line":22,"column":8},"end":{"line":22,"column":null}},"8":{"start":{"line":23,"column":8},"end":{"line":23,"column":null}},"9":{"start":{"line":24,"column":8},"end":{"line":24,"column":null}},"10":{"start":{"line":26,"column":8},"end":{"line":30,"column":null}},"11":{"start":{"line":31,"column":8},"end":{"line":31,"column":null}},"12":{"start":{"line":35,"column":4},"end":{"line":47,"column":null}},"13":{"start":{"line":36,"column":24},"end":{"line":36,"column":null}},"14":{"start":{"line":36,"column":60},"end":{"line":36,"column":74}},"15":{"start":{"line":37,"column":6},"end":{"line":45,"column":null}},"16":{"start":{"line":38,"column":33},"end":{"line":38,"column":null}},"17":{"start":{"line":39,"column":8},"end":{"line":39,"column":null}},"18":{"start":{"line":40,"column":8},"end":{"line":42,"column":null}},"19":{"start":{"line":41,"column":10},"end":{"line":41,"column":null}},"20":{"start":{"line":43,"column":8},"end":{"line":43,"column":null}},"21":{"start":{"line":44,"column":8},"end":{"line":44,"column":null}},"22":{"start":{"line":46,"column":6},"end":{"line":46,"column":null}}},"fnMap":{"0":{"name":"(anonymous_0)","decl":{"start":{"line":13,"column":54},"end":{"line":13,"column":55}},"loc":{"start":{"line":13,"column":64},"end":{"line":48,"column":2}}},"1":{"name":"(anonymous_1)","decl":{"start":{"line":15,"column":16},"end":{"line":15,"column":17}},"loc":{"start":{"line":16,"column":4},"end":{"line":33,"column":null}}},"2":{"name":"(anonymous_2)","decl":{"start":{"line":16,"column":8},"end":{"line":16,"column":9}},"loc":{"start":{"line":16,"column":19},"end":{"line":33,"column":5}}},"3":{"name":"(anonymous_3)","decl":{"start":{"line":18,"column":8},"end":{"line":18,"column":9}},"loc":{"start":{"line":18,"column":18},"end":{"line":18,"column":null}}},"4":{"name":"(anonymous_4)","decl":{"start":{"line":34,"column":19},"end":{"line":34,"column":20}},"loc":{"start":{"line":35,"column":4},"end":{"line":47,"column":null}}},"5":{"name":"(anonymous_5)","decl":{"start":{"line":35,"column":8},"end":{"line":35,"column":9}},"loc":{"start":{"line":35,"column":19},"end":{"line":47,"column":5}}},"6":{"name":"(anonymous_6)","decl":{"start":{"line":36,"column":50},"end":{"line":36,"column":51}},"loc":{"start":{"line":36,"column":60},"end":{"line":36,"column":74}}}},"branchMap":{"0":{"loc":{"start":{"line":14,"column":13},"end":{"line":14,"column":null}},"type":"binary-expr","locations":[{"start":{"line":14,"column":13},"end":{"line":14,"column":59}},{"start":{"line":14,"column":59},"end":{"line":14,"column":null}}]},"1":{"loc":{"start":{"line":14,"column":24},"end":{"line":14,"column":54}},"type":"binary-expr","locations":[{"start":{"line":14,"column":24},"end":{"line":14,"column":50}},{"start":{"line":14,"column":50},"end":{"line":14,"column":54}}]},"2":{"loc":{"start":{"line":20,"column":6},"end":{"line":32,"column":null}},"type":"if","locations":[{"start":{"line":20,"column":6},"end":{"line":32,"column":null}},{"start":{"line":25,"column":13},"end":{"line":32,"column":null}}]},"3":{"loc":{"start":{"line":37,"column":6},"end":{"line":45,"column":null}},"type":"if","locations":[{"start":{"line":37,"column":6},"end":{"line":45,"column":null}},{"start":{},"end":{}}]},"4":{"loc":{"start":{"line":40,"column":8},"end":{"line":42,"column":null}},"type":"if","locations":[{"start":{"line":40,"column":8},"end":{"line":42,"column":null}},{"start":{},"end":{}}]}},"s":{"0":0,"1":0,"2":0,"3":0,"4":0,"5":0,"6":0,"7":0,"8":0,"9":0,"10":0,"11":0,"12":0,"13":0,"14":0,"15":0,"16":0,"17":0,"18":0,"19":0,"20":0,"21":0,"22":0},"f":{"0":0,"1":0,"2":0,"3":0,"4":0,"5":0,"6":0},"b":{"0":[0,0],"1":[0,0],"2":[0,0],"3":[0,0],"4":[0,0]}}
,"C:/Users/lenovo/Documents/0. Project/syamresto-ui/src/utils/zustand/categoriesState.ts": {"path":"C:/Users/lenovo/Documents/0. Project/syamresto-ui/src/utils/zustand/categoriesState.ts","statementMap":{"0":{"start":{"line":11,"column":31},"end":{"line":14,"column":null}},"1":{"start":{"line":11,"column":63},"end":{"line":14,"column":2}},"2":{"start":{"line":13,"column":33},"end":{"line":13,"column":null}},"3":{"start":{"line":13,"column":44},"end":{"line":13,"column":59}}},"fnMap":{"0":{"name":"(anonymous_0)","decl":{"start":{"line":11,"column":53},"end":{"line":11,"column":54}},"loc":{"start":{"line":11,"column":63},"end":{"line":14,"column":2}}},"1":{"name":"(anonymous_1)","decl":{"start":{"line":13,"column":17},"end":{"line":13,"column":18}},"loc":{"start":{"line":13,"column":33},"end":{"line":13,"column":null}}},"2":{"name":"(anonymous_2)","decl":{"start":{"line":13,"column":37},"end":{"line":13,"column":44}},"loc":{"start":{"line":13,"column":44},"end":{"line":13,"column":59}}}},"branchMap":{},"s":{"0":0,"1":0,"2":0,"3":0},"f":{"0":0,"1":0,"2":0},"b":{}}
,"C:/Users/lenovo/Documents/0. Project/syamresto-ui/src/utils/zustand/checkoutItem.ts": {"path":"C:/Users/lenovo/Documents/0. Project/syamresto-ui/src/utils/zustand/checkoutItem.ts","statementMap":{"0":{"start":{"line":11,"column":36},"end":{"line":14,"column":null}},"1":{"start":{"line":11,"column":68},"end":{"line":14,"column":2}},"2":{"start":{"line":13,"column":37},"end":{"line":13,"column":null}}},"fnMap":{"0":{"name":"(anonymous_0)","decl":{"start":{"line":11,"column":58},"end":{"line":11,"column":59}},"loc":{"start":{"line":11,"column":68},"end":{"line":14,"column":2}}},"1":{"name":"(anonymous_1)","decl":{"start":{"line":13,"column":19},"end":{"line":13,"column":20}},"loc":{"start":{"line":13,"column":37},"end":{"line":13,"column":null}}}},"branchMap":{},"s":{"0":0,"1":0,"2":0},"f":{"0":0,"1":0},"b":{}}
,"C:/Users/lenovo/Documents/0. Project/syamresto-ui/src/utils/zustand/filterMenu.ts": {"path":"C:/Users/lenovo/Documents/0. Project/syamresto-ui/src/utils/zustand/filterMenu.ts","statementMap":{"0":{"start":{"line":11,"column":29},"end":{"line":22,"column":null}},"1":{"start":{"line":11,"column":61},"end":{"line":22,"column":2}},"2":{"start":{"line":21,"column":25},"end":{"line":21,"column":null}},"3":{"start":{"line":21,"column":36},"end":{"line":21,"column":47}}},"fnMap":{"0":{"name":"(anonymous_0)","decl":{"start":{"line":11,"column":51},"end":{"line":11,"column":52}},"loc":{"start":{"line":11,"column":61},"end":{"line":22,"column":2}}},"1":{"name":"(anonymous_1)","decl":{"start":{"line":21,"column":13},"end":{"line":21,"column":14}},"loc":{"start":{"line":21,"column":25},"end":{"line":21,"column":null}}},"2":{"name":"(anonymous_2)","decl":{"start":{"line":21,"column":29},"end":{"line":21,"column":36}},"loc":{"start":{"line":21,"column":36},"end":{"line":21,"column":47}}}},"branchMap":{},"s":{"0":0,"1":0,"2":0,"3":0},"f":{"0":0,"1":0,"2":0},"b":{}}
,"C:/Users/lenovo/Documents/0. Project/syamresto-ui/src/utils/zustand/menuData.ts": {"path":"C:/Users/lenovo/Documents/0. Project/syamresto-ui/src/utils/zustand/menuData.ts","statementMap":{"0":{"start":{"line":11,"column":31},"end":{"line":14,"column":null}},"1":{"start":{"line":11,"column":63},"end":{"line":14,"column":2}},"2":{"start":{"line":13,"column":41},"end":{"line":13,"column":null}},"3":{"start":{"line":13,"column":52},"end":{"line":13,"column":65}}},"fnMap":{"0":{"name":"(anonymous_0)","decl":{"start":{"line":11,"column":53},"end":{"line":11,"column":54}},"loc":{"start":{"line":11,"column":63},"end":{"line":14,"column":2}}},"1":{"name":"(anonymous_1)","decl":{"start":{"line":13,"column":15},"end":{"line":13,"column":16}},"loc":{"start":{"line":13,"column":41},"end":{"line":13,"column":null}}},"2":{"name":"(anonymous_2)","decl":{"start":{"line":13,"column":45},"end":{"line":13,"column":52}},"loc":{"start":{"line":13,"column":52},"end":{"line":13,"column":65}}}},"branchMap":{},"s":{"0":0,"1":0,"2":0,"3":0},"f":{"0":0,"1":0,"2":0},"b":{}}
,"C:/Users/lenovo/Documents/0. Project/syamresto-ui/src/utils/zustand/navigation.ts": {"path":"C:/Users/lenovo/Documents/0. Project/syamresto-ui/src/utils/zustand/navigation.ts","statementMap":{"0":{"start":{"line":12,"column":17},"end":{"line":12,"column":null}},"1":{"start":{"line":14,"column":31},"end":{"line":17,"column":null}},"2":{"start":{"line":14,"column":63},"end":{"line":17,"column":2}},"3":{"start":{"line":16,"column":33},"end":{"line":16,"column":null}},"4":{"start":{"line":16,"column":44},"end":{"line":16,"column":59}}},"fnMap":{"0":{"name":"(anonymous_0)","decl":{"start":{"line":14,"column":53},"end":{"line":14,"column":54}},"loc":{"start":{"line":14,"column":63},"end":{"line":17,"column":2}}},"1":{"name":"(anonymous_1)","decl":{"start":{"line":16,"column":17},"end":{"line":16,"column":18}},"loc":{"start":{"line":16,"column":33},"end":{"line":16,"column":null}}},"2":{"name":"(anonymous_2)","decl":{"start":{"line":16,"column":37},"end":{"line":16,"column":44}},"loc":{"start":{"line":16,"column":44},"end":{"line":16,"column":59}}}},"branchMap":{"0":{"loc":{"start":{"line":15,"column":14},"end":{"line":15,"column":null}},"type":"cond-expr","locations":[{"start":{"line":15,"column":25},"end":{"line":15,"column":36}},{"start":{"line":15,"column":36},"end":{"line":15,"column":null}}]}},"s":{"0":0,"1":0,"2":0,"3":0,"4":0},"f":{"0":0,"1":0,"2":0},"b":{"0":[0,0]}}
,"C:/Users/lenovo/Documents/0. Project/syamresto-ui/src/utils/zustand/searchMenu.ts": {"path":"C:/Users/lenovo/Documents/0. Project/syamresto-ui/src/utils/zustand/searchMenu.ts","statementMap":{"0":{"start":{"line":11,"column":33},"end":{"line":14,"column":null}},"1":{"start":{"line":11,"column":65},"end":{"line":14,"column":2}},"2":{"start":{"line":13,"column":25},"end":{"line":13,"column":null}},"3":{"start":{"line":13,"column":36},"end":{"line":13,"column":47}}},"fnMap":{"0":{"name":"(anonymous_0)","decl":{"start":{"line":11,"column":55},"end":{"line":11,"column":56}},"loc":{"start":{"line":11,"column":65},"end":{"line":14,"column":2}}},"1":{"name":"(anonymous_1)","decl":{"start":{"line":13,"column":13},"end":{"line":13,"column":14}},"loc":{"start":{"line":13,"column":25},"end":{"line":13,"column":null}}},"2":{"name":"(anonymous_2)","decl":{"start":{"line":13,"column":29},"end":{"line":13,"column":36}},"loc":{"start":{"line":13,"column":36},"end":{"line":13,"column":47}}}},"branchMap":{},"s":{"0":0,"1":0,"2":0,"3":0},"f":{"0":0,"1":0,"2":0},"b":{}}
,"C:/Users/lenovo/Documents/0. Project/syamresto-ui/src/utils/zustand/snackbar.ts": {"path":"C:/Users/lenovo/Documents/0. Project/syamresto-ui/src/utils/zustand/snackbar.ts","statementMap":{"0":{"start":{"line":15,"column":31},"end":{"line":22,"column":null}},"1":{"start":{"line":15,"column":63},"end":{"line":22,"column":2}},"2":{"start":{"line":21,"column":46},"end":{"line":21,"column":null}}},"fnMap":{"0":{"name":"(anonymous_0)","decl":{"start":{"line":15,"column":53},"end":{"line":15,"column":54}},"loc":{"start":{"line":15,"column":63},"end":{"line":22,"column":2}}},"1":{"name":"(anonymous_1)","decl":{"start":{"line":21,"column":15},"end":{"line":21,"column":16}},"loc":{"start":{"line":21,"column":46},"end":{"line":21,"column":null}}}},"branchMap":{},"s":{"0":0,"1":0,"2":0},"f":{"0":0,"1":0},"b":{}}
}
