{"D:/TRIAL/syamresto-ui/src/tests/api.test.ts": {"path":"D:/TRIAL/syamresto-ui/src/tests/api.test.ts","statementMap":{"0":{"start":{"line":12,"column":13},"end":{"line":12,"column":null}},"1":{"start":{"line":14,"column":0},"end":{"line":228,"column":null}},"2":{"start":{"line":15,"column":2},"end":{"line":17,"column":null}},"3":{"start":{"line":16,"column":4},"end":{"line":16,"column":null}},"4":{"start":{"line":19,"column":2},"end":{"line":21,"column":null}},"5":{"start":{"line":20,"column":4},"end":{"line":20,"column":null}},"6":{"start":{"line":23,"column":2},"end":{"line":72,"column":null}},"7":{"start":{"line":24,"column":29},"end":{"line":43,"column":null}},"8":{"start":{"line":26,"column":52},"end":{"line":41,"column":10}},"9":{"start":{"line":46,"column":4},"end":{"line":46,"column":null}},"10":{"start":{"line":48,"column":19},"end":{"line":48,"column":null}},"11":{"start":{"line":51,"column":4},"end":{"line":51,"column":null}},"12":{"start":{"line":54,"column":4},"end":{"line":71,"column":null}},"13":{"start":{"line":74,"column":2},"end":{"line":82,"column":null}},"14":{"start":{"line":76,"column":4},"end":{"line":76,"column":null}},"15":{"start":{"line":78,"column":19},"end":{"line":78,"column":null}},"16":{"start":{"line":81,"column":4},"end":{"line":81,"column":null}},"17":{"start":{"line":84,"column":2},"end":{"line":96,"column":null}},"18":{"start":{"line":86,"column":23},"end":{"line":86,"column":null}},"19":{"start":{"line":88,"column":4},"end":{"line":88,"column":null}},"20":{"start":{"line":90,"column":4},"end":{"line":90,"column":null}},"21":{"start":{"line":93,"column":4},"end":{"line":93,"column":null}},"22":{"start":{"line":95,"column":4},"end":{"line":95,"column":null}},"23":{"start":{"line":98,"column":2},"end":{"line":123,"column":null}},"24":{"start":{"line":99,"column":29},"end":{"line":108,"column":null}},"25":{"start":{"line":101,"column":51},"end":{"line":106,"column":10}},"26":{"start":{"line":110,"column":4},"end":{"line":110,"column":null}},"27":{"start":{"line":112,"column":19},"end":{"line":112,"column":null}},"28":{"start":{"line":114,"column":4},"end":{"line":114,"column":null}},"29":{"start":{"line":115,"column":4},"end":{"line":122,"column":null}},"30":{"start":{"line":125,"column":2},"end":{"line":133,"column":null}},"31":{"start":{"line":127,"column":4},"end":{"line":127,"column":null}},"32":{"start":{"line":129,"column":19},"end":{"line":129,"column":null}},"33":{"start":{"line":132,"column":4},"end":{"line":132,"column":null}},"34":{"start":{"line":135,"column":2},"end":{"line":147,"column":null}},"35":{"start":{"line":137,"column":23},"end":{"line":137,"column":null}},"36":{"start":{"line":139,"column":4},"end":{"line":139,"column":null}},"37":{"start":{"line":141,"column":4},"end":{"line":141,"column":null}},"38":{"start":{"line":144,"column":4},"end":{"line":144,"column":null}},"39":{"start":{"line":146,"column":4},"end":{"line":146,"column":null}},"40":{"start":{"line":149,"column":2},"end":{"line":163,"column":null}},"41":{"start":{"line":150,"column":4},"end":{"line":150,"column":null}},"42":{"start":{"line":152,"column":19},"end":{"line":152,"column":null}},"43":{"start":{"line":154,"column":4},"end":{"line":154,"column":null}},"44":{"start":{"line":155,"column":4},"end":{"line":162,"column":null}},"45":{"start":{"line":165,"column":2},"end":{"line":173,"column":null}},"46":{"start":{"line":167,"column":4},"end":{"line":167,"column":null}},"47":{"start":{"line":169,"column":19},"end":{"line":169,"column":null}},"48":{"start":{"line":172,"column":4},"end":{"line":172,"column":null}},"49":{"start":{"line":175,"column":2},"end":{"line":187,"column":null}},"50":{"start":{"line":177,"column":23},"end":{"line":177,"column":null}},"51":{"start":{"line":179,"column":4},"end":{"line":179,"column":null}},"52":{"start":{"line":181,"column":4},"end":{"line":181,"column":null}},"53":{"start":{"line":184,"column":4},"end":{"line":184,"column":null}},"54":{"start":{"line":186,"column":4},"end":{"line":186,"column":null}},"55":{"start":{"line":189,"column":2},"end":{"line":203,"column":null}},"56":{"start":{"line":190,"column":4},"end":{"line":190,"column":null}},"57":{"start":{"line":192,"column":19},"end":{"line":192,"column":null}},"58":{"start":{"line":194,"column":4},"end":{"line":194,"column":null}},"59":{"start":{"line":195,"column":4},"end":{"line":202,"column":null}},"60":{"start":{"line":205,"column":2},"end":{"line":213,"column":null}},"61":{"start":{"line":207,"column":4},"end":{"line":207,"column":null}},"62":{"start":{"line":209,"column":19},"end":{"line":209,"column":null}},"63":{"start":{"line":212,"column":4},"end":{"line":212,"column":null}},"64":{"start":{"line":215,"column":2},"end":{"line":227,"column":null}},"65":{"start":{"line":217,"column":23},"end":{"line":217,"column":null}},"66":{"start":{"line":219,"column":4},"end":{"line":219,"column":null}},"67":{"start":{"line":221,"column":4},"end":{"line":221,"column":null}},"68":{"start":{"line":224,"column":4},"end":{"line":224,"column":null}},"69":{"start":{"line":226,"column":4},"end":{"line":226,"column":null}}},"fnMap":{"0":{"name":"(anonymous_0)","decl":{"start":{"line":14,"column":22},"end":{"line":14,"column":28}},"loc":{"start":{"line":14,"column":28},"end":{"line":228,"column":1}}},"1":{"name":"(anonymous_1)","decl":{"start":{"line":15,"column":13},"end":{"line":15,"column":19}},"loc":{"start":{"line":15,"column":19},"end":{"line":17,"column":3}}},"2":{"name":"(anonymous_2)","decl":{"start":{"line":19,"column":12},"end":{"line":19,"column":18}},"loc":{"start":{"line":19,"column":18},"end":{"line":21,"column":3}}},"3":{"name":"(anonymous_3)","decl":{"start":{"line":23,"column":48},"end":{"line":23,"column":60}},"loc":{"start":{"line":23,"column":60},"end":{"line":72,"column":3}}},"4":{"name":"(anonymous_4)","decl":{"start":{"line":26,"column":41},"end":{"line":26,"column":42}},"loc":{"start":{"line":26,"column":52},"end":{"line":41,"column":10}}},"5":{"name":"(anonymous_5)","decl":{"start":{"line":74,"column":72},"end":{"line":74,"column":84}},"loc":{"start":{"line":74,"column":84},"end":{"line":82,"column":3}}},"6":{"name":"(anonymous_6)","decl":{"start":{"line":84,"column":43},"end":{"line":84,"column":55}},"loc":{"start":{"line":84,"column":55},"end":{"line":96,"column":3}}},"7":{"name":"(anonymous_7)","decl":{"start":{"line":86,"column":67},"end":{"line":86,"column":73}},"loc":{"start":{"line":86,"column":73},"end":{"line":86,"column":75}}},"8":{"name":"(anonymous_8)","decl":{"start":{"line":98,"column":50},"end":{"line":98,"column":62}},"loc":{"start":{"line":98,"column":62},"end":{"line":123,"column":3}}},"9":{"name":"(anonymous_9)","decl":{"start":{"line":101,"column":40},"end":{"line":101,"column":41}},"loc":{"start":{"line":101,"column":51},"end":{"line":106,"column":10}}},"10":{"name":"(anonymous_10)","decl":{"start":{"line":125,"column":74},"end":{"line":125,"column":86}},"loc":{"start":{"line":125,"column":86},"end":{"line":133,"column":3}}},"11":{"name":"(anonymous_11)","decl":{"start":{"line":135,"column":45},"end":{"line":135,"column":57}},"loc":{"start":{"line":135,"column":57},"end":{"line":147,"column":3}}},"12":{"name":"(anonymous_12)","decl":{"start":{"line":137,"column":67},"end":{"line":137,"column":73}},"loc":{"start":{"line":137,"column":73},"end":{"line":137,"column":75}}},"13":{"name":"(anonymous_13)","decl":{"start":{"line":149,"column":48},"end":{"line":149,"column":60}},"loc":{"start":{"line":149,"column":60},"end":{"line":163,"column":3}}},"14":{"name":"(anonymous_14)","decl":{"start":{"line":165,"column":73},"end":{"line":165,"column":85}},"loc":{"start":{"line":165,"column":85},"end":{"line":173,"column":3}}},"15":{"name":"(anonymous_15)","decl":{"start":{"line":175,"column":44},"end":{"line":175,"column":56}},"loc":{"start":{"line":175,"column":56},"end":{"line":187,"column":3}}},"16":{"name":"(anonymous_16)","decl":{"start":{"line":177,"column":67},"end":{"line":177,"column":73}},"loc":{"start":{"line":177,"column":73},"end":{"line":177,"column":75}}},"17":{"name":"(anonymous_17)","decl":{"start":{"line":189,"column":47},"end":{"line":189,"column":59}},"loc":{"start":{"line":189,"column":59},"end":{"line":203,"column":3}}},"18":{"name":"(anonymous_18)","decl":{"start":{"line":205,"column":72},"end":{"line":205,"column":84}},"loc":{"start":{"line":205,"column":84},"end":{"line":213,"column":3}}},"19":{"name":"(anonymous_19)","decl":{"start":{"line":215,"column":43},"end":{"line":215,"column":55}},"loc":{"start":{"line":215,"column":55},"end":{"line":227,"column":3}}},"20":{"name":"(anonymous_20)","decl":{"start":{"line":217,"column":67},"end":{"line":217,"column":73}},"loc":{"start":{"line":217,"column":73},"end":{"line":217,"column":75}}}},"branchMap":{},"s":{"0":1,"1":1,"2":1,"3":12,"4":1,"5":12,"6":1,"7":1,"8":72,"9":1,"10":1,"11":1,"12":1,"13":1,"14":1,"15":1,"16":1,"17":1,"18":1,"19":1,"20":1,"21":1,"22":1,"23":1,"24":1,"25":5,"26":1,"27":1,"28":1,"29":1,"30":1,"31":1,"32":1,"33":1,"34":1,"35":1,"36":1,"37":1,"38":1,"39":1,"40":1,"41":1,"42":1,"43":1,"44":1,"45":1,"46":1,"47":1,"48":1,"49":1,"50":1,"51":1,"52":1,"53":1,"54":1,"55":1,"56":1,"57":1,"58":1,"59":1,"60":1,"61":1,"62":1,"63":1,"64":1,"65":1,"66":1,"67":1,"68":1,"69":1},"f":{"0":1,"1":12,"2":12,"3":1,"4":72,"5":1,"6":1,"7":1,"8":1,"9":5,"10":1,"11":1,"12":1,"13":1,"14":1,"15":1,"16":1,"17":1,"18":1,"19":1,"20":1},"b":{}}
,"D:/TRIAL/syamresto-ui/src/tests/axios.test.ts": {"path":"D:/TRIAL/syamresto-ui/src/tests/axios.test.ts","statementMap":{"0":{"start":{"line":6,"column":0},"end":{"line":79,"column":null}},"1":{"start":{"line":9,"column":2},"end":{"line":11,"column":null}},"2":{"start":{"line":10,"column":4},"end":{"line":10,"column":null}},"3":{"start":{"line":13,"column":2},"end":{"line":15,"column":null}},"4":{"start":{"line":14,"column":4},"end":{"line":14,"column":null}},"5":{"start":{"line":17,"column":2},"end":{"line":20,"column":null}},"6":{"start":{"line":18,"column":4},"end":{"line":18,"column":null}},"7":{"start":{"line":19,"column":4},"end":{"line":19,"column":null}},"8":{"start":{"line":22,"column":2},"end":{"line":31,"column":null}},"9":{"start":{"line":23,"column":31},"end":{"line":23,"column":null}},"10":{"start":{"line":23,"column":49},"end":{"line":23,"column":55}},"11":{"start":{"line":24,"column":4},"end":{"line":24,"column":null}},"12":{"start":{"line":26,"column":4},"end":{"line":26,"column":null}},"13":{"start":{"line":28,"column":4},"end":{"line":28,"column":null}},"14":{"start":{"line":30,"column":4},"end":{"line":30,"column":null}},"15":{"start":{"line":33,"column":2},"end":{"line":43,"column":null}},"16":{"start":{"line":34,"column":32},"end":{"line":34,"column":null}},"17":{"start":{"line":34,"column":52},"end":{"line":34,"column":60}},"18":{"start":{"line":35,"column":4},"end":{"line":35,"column":null}},"19":{"start":{"line":37,"column":4},"end":{"line":37,"column":null}},"20":{"start":{"line":39,"column":21},"end":{"line":39,"column":null}},"21":{"start":{"line":41,"column":4},"end":{"line":41,"column":null}},"22":{"start":{"line":42,"column":4},"end":{"line":42,"column":null}},"23":{"start":{"line":59,"column":2},"end":{"line":78,"column":null}},"24":{"start":{"line":60,"column":32},"end":{"line":60,"column":null}},"25":{"start":{"line":60,"column":49},"end":{"line":60,"column":70}},"26":{"start":{"line":63,"column":26},"end":{"line":66,"column":null}},"27":{"start":{"line":68,"column":4},"end":{"line":68,"column":null}},"28":{"start":{"line":70,"column":4},"end":{"line":77,"column":null}},"29":{"start":{"line":71,"column":6},"end":{"line":71,"column":null}},"30":{"start":{"line":73,"column":6},"end":{"line":73,"column":null}},"31":{"start":{"line":74,"column":6},"end":{"line":74,"column":null}},"32":{"start":{"line":76,"column":6},"end":{"line":76,"column":null}}},"fnMap":{"0":{"name":"(anonymous_0)","decl":{"start":{"line":6,"column":58},"end":{"line":6,"column":64}},"loc":{"start":{"line":6,"column":64},"end":{"line":79,"column":1}}},"1":{"name":"(anonymous_1)","decl":{"start":{"line":9,"column":13},"end":{"line":9,"column":19}},"loc":{"start":{"line":9,"column":19},"end":{"line":11,"column":3}}},"2":{"name":"(anonymous_2)","decl":{"start":{"line":13,"column":12},"end":{"line":13,"column":18}},"loc":{"start":{"line":13,"column":18},"end":{"line":15,"column":3}}},"3":{"name":"(anonymous_3)","decl":{"start":{"line":17,"column":52},"end":{"line":17,"column":58}},"loc":{"start":{"line":17,"column":58},"end":{"line":20,"column":3}}},"4":{"name":"(anonymous_4)","decl":{"start":{"line":22,"column":46},"end":{"line":22,"column":58}},"loc":{"start":{"line":22,"column":58},"end":{"line":31,"column":3}}},"5":{"name":"(anonymous_5)","decl":{"start":{"line":23,"column":37},"end":{"line":23,"column":38}},"loc":{"start":{"line":23,"column":49},"end":{"line":23,"column":55}}},"6":{"name":"(anonymous_6)","decl":{"start":{"line":33,"column":58},"end":{"line":33,"column":70}},"loc":{"start":{"line":33,"column":70},"end":{"line":43,"column":3}}},"7":{"name":"(anonymous_7)","decl":{"start":{"line":34,"column":38},"end":{"line":34,"column":39}},"loc":{"start":{"line":34,"column":52},"end":{"line":34,"column":60}}},"8":{"name":"(anonymous_8)","decl":{"start":{"line":59,"column":56},"end":{"line":59,"column":68}},"loc":{"start":{"line":59,"column":68},"end":{"line":78,"column":3}}},"9":{"name":"(anonymous_9)","decl":{"start":{"line":60,"column":38},"end":{"line":60,"column":39}},"loc":{"start":{"line":60,"column":49},"end":{"line":60,"column":70}}}},"branchMap":{},"s":{"0":1,"1":1,"2":4,"3":1,"4":4,"5":1,"6":1,"7":1,"8":1,"9":1,"10":3,"11":1,"12":1,"13":1,"14":1,"15":1,"16":1,"17":1,"18":1,"19":1,"20":1,"21":1,"22":1,"23":1,"24":1,"25":1,"26":1,"27":1,"28":1,"29":1,"30":1,"31":1,"32":1},"f":{"0":1,"1":4,"2":4,"3":1,"4":1,"5":3,"6":1,"7":1,"8":1,"9":1},"b":{}}
,"D:/TRIAL/syamresto-ui/src/tests/cartItemZust.test.ts": {"path":"D:/TRIAL/syamresto-ui/src/tests/cartItemZust.test.ts","statementMap":{"0":{"start":{"line":6,"column":0},"end":{"line":6,"column":null}},"1":{"start":{"line":8,"column":0},"end":{"line":175,"column":null}},"2":{"start":{"line":9,"column":2},"end":{"line":12,"column":null}},"3":{"start":{"line":10,"column":4},"end":{"line":10,"column":null}},"4":{"start":{"line":11,"column":4},"end":{"line":11,"column":null}},"5":{"start":{"line":14,"column":2},"end":{"line":29,"column":null}},"6":{"start":{"line":15,"column":26},"end":{"line":23,"column":null}},"7":{"start":{"line":25,"column":4},"end":{"line":25,"column":null}},"8":{"start":{"line":26,"column":18},"end":{"line":26,"column":null}},"9":{"start":{"line":28,"column":4},"end":{"line":28,"column":null}},"10":{"start":{"line":31,"column":2},"end":{"line":52,"column":null}},"11":{"start":{"line":32,"column":24},"end":{"line":38,"column":null}},"12":{"start":{"line":40,"column":18},"end":{"line":40,"column":null}},"13":{"start":{"line":41,"column":4},"end":{"line":41,"column":null}},"14":{"start":{"line":42,"column":25},"end":{"line":42,"column":null}},"15":{"start":{"line":44,"column":4},"end":{"line":44,"column":null}},"16":{"start":{"line":45,"column":4},"end":{"line":45,"column":null}},"17":{"start":{"line":46,"column":4},"end":{"line":46,"column":null}},"18":{"start":{"line":47,"column":4},"end":{"line":51,"column":null}},"19":{"start":{"line":54,"column":2},"end":{"line":89,"column":null}},"20":{"start":{"line":55,"column":29},"end":{"line":61,"column":null}},"21":{"start":{"line":63,"column":36},"end":{"line":66,"column":null}},"22":{"start":{"line":69,"column":18},"end":{"line":69,"column":null}},"23":{"start":{"line":72,"column":4},"end":{"line":72,"column":null}},"24":{"start":{"line":75,"column":4},"end":{"line":75,"column":null}},"25":{"start":{"line":78,"column":25},"end":{"line":78,"column":null}},"26":{"start":{"line":81,"column":4},"end":{"line":81,"column":null}},"27":{"start":{"line":84,"column":4},"end":{"line":88,"column":null}},"28":{"start":{"line":91,"column":2},"end":{"line":120,"column":null}},"29":{"start":{"line":92,"column":29},"end":{"line":98,"column":null}},"30":{"start":{"line":101,"column":18},"end":{"line":101,"column":null}},"31":{"start":{"line":102,"column":4},"end":{"line":102,"column":null}},"32":{"start":{"line":105,"column":4},"end":{"line":105,"column":null}},"33":{"start":{"line":107,"column":25},"end":{"line":107,"column":null}},"34":{"start":{"line":109,"column":4},"end":{"line":109,"column":null}},"35":{"start":{"line":111,"column":4},"end":{"line":117,"column":null}},"36":{"start":{"line":119,"column":4},"end":{"line":119,"column":null}},"37":{"start":{"line":122,"column":2},"end":{"line":147,"column":null}},"38":{"start":{"line":123,"column":29},"end":{"line":129,"column":null}},"39":{"start":{"line":132,"column":18},"end":{"line":132,"column":null}},"40":{"start":{"line":135,"column":4},"end":{"line":135,"column":null}},"41":{"start":{"line":136,"column":4},"end":{"line":136,"column":null}},"42":{"start":{"line":139,"column":4},"end":{"line":139,"column":null}},"43":{"start":{"line":142,"column":4},"end":{"line":146,"column":null}},"44":{"start":{"line":149,"column":2},"end":{"line":174,"column":null}},"45":{"start":{"line":150,"column":34},"end":{"line":150,"column":null}},"46":{"start":{"line":151,"column":29},"end":{"line":157,"column":null}},"47":{"start":{"line":160,"column":18},"end":{"line":160,"column":null}},"48":{"start":{"line":163,"column":4},"end":{"line":163,"column":null}},"49":{"start":{"line":164,"column":4},"end":{"line":164,"column":null}},"50":{"start":{"line":167,"column":25},"end":{"line":167,"column":null}},"51":{"start":{"line":170,"column":4},"end":{"line":170,"column":null}},"52":{"start":{"line":173,"column":4},"end":{"line":173,"column":null}}},"fnMap":{"0":{"name":"(anonymous_0)","decl":{"start":{"line":8,"column":29},"end":{"line":8,"column":35}},"loc":{"start":{"line":8,"column":35},"end":{"line":175,"column":1}}},"1":{"name":"(anonymous_1)","decl":{"start":{"line":9,"column":13},"end":{"line":9,"column":19}},"loc":{"start":{"line":9,"column":19},"end":{"line":12,"column":3}}},"2":{"name":"(anonymous_2)","decl":{"start":{"line":14,"column":68},"end":{"line":14,"column":74}},"loc":{"start":{"line":14,"column":74},"end":{"line":29,"column":3}}},"3":{"name":"(anonymous_3)","decl":{"start":{"line":31,"column":35},"end":{"line":31,"column":41}},"loc":{"start":{"line":31,"column":41},"end":{"line":52,"column":3}}},"4":{"name":"(anonymous_4)","decl":{"start":{"line":54,"column":62},"end":{"line":54,"column":68}},"loc":{"start":{"line":54,"column":68},"end":{"line":89,"column":3}}},"5":{"name":"(anonymous_5)","decl":{"start":{"line":91,"column":60},"end":{"line":91,"column":66}},"loc":{"start":{"line":91,"column":66},"end":{"line":120,"column":3}}},"6":{"name":"(anonymous_6)","decl":{"start":{"line":122,"column":61},"end":{"line":122,"column":67}},"loc":{"start":{"line":122,"column":67},"end":{"line":147,"column":3}}},"7":{"name":"(anonymous_7)","decl":{"start":{"line":149,"column":66},"end":{"line":149,"column":72}},"loc":{"start":{"line":149,"column":72},"end":{"line":174,"column":3}}}},"branchMap":{},"s":{"0":1,"1":1,"2":1,"3":6,"4":6,"5":1,"6":1,"7":1,"8":1,"9":1,"10":1,"11":1,"12":1,"13":1,"14":1,"15":1,"16":1,"17":1,"18":1,"19":1,"20":1,"21":1,"22":1,"23":1,"24":1,"25":1,"26":1,"27":1,"28":1,"29":1,"30":1,"31":1,"32":1,"33":1,"34":1,"35":1,"36":1,"37":1,"38":1,"39":1,"40":1,"41":1,"42":1,"43":1,"44":1,"45":1,"46":1,"47":1,"48":1,"49":1,"50":1,"51":1,"52":1},"f":{"0":1,"1":6,"2":1,"3":1,"4":1,"5":1,"6":1,"7":1},"b":{}}
,"D:/TRIAL/syamresto-ui/src/tests/categoriesZust.test.ts": {"path":"D:/TRIAL/syamresto-ui/src/tests/categoriesZust.test.ts","statementMap":{"0":{"start":{"line":4,"column":0},"end":{"line":65,"column":null}},"1":{"start":{"line":5,"column":2},"end":{"line":8,"column":null}},"2":{"start":{"line":7,"column":4},"end":{"line":7,"column":null}},"3":{"start":{"line":10,"column":2},"end":{"line":13,"column":null}},"4":{"start":{"line":11,"column":18},"end":{"line":11,"column":null}},"5":{"start":{"line":12,"column":4},"end":{"line":12,"column":null}},"6":{"start":{"line":15,"column":2},"end":{"line":30,"column":null}},"7":{"start":{"line":16,"column":26},"end":{"line":21,"column":null}},"8":{"start":{"line":16,"column":63},"end":{"line":21,"column":6}},"9":{"start":{"line":24,"column":4},"end":{"line":24,"column":null}},"10":{"start":{"line":26,"column":18},"end":{"line":26,"column":null}},"11":{"start":{"line":29,"column":4},"end":{"line":29,"column":null}},"12":{"start":{"line":32,"column":2},"end":{"line":64,"column":null}},"13":{"start":{"line":33,"column":24},"end":{"line":40,"column":null}},"14":{"start":{"line":42,"column":24},"end":{"line":49,"column":null}},"15":{"start":{"line":52,"column":4},"end":{"line":52,"column":null}},"16":{"start":{"line":53,"column":16},"end":{"line":53,"column":null}},"17":{"start":{"line":56,"column":4},"end":{"line":56,"column":null}},"18":{"start":{"line":59,"column":4},"end":{"line":59,"column":null}},"19":{"start":{"line":60,"column":4},"end":{"line":60,"column":null}},"20":{"start":{"line":63,"column":4},"end":{"line":63,"column":null}}},"fnMap":{"0":{"name":"(anonymous_0)","decl":{"start":{"line":4,"column":28},"end":{"line":4,"column":34}},"loc":{"start":{"line":4,"column":34},"end":{"line":65,"column":1}}},"1":{"name":"(anonymous_1)","decl":{"start":{"line":5,"column":13},"end":{"line":5,"column":19}},"loc":{"start":{"line":5,"column":19},"end":{"line":8,"column":3}}},"2":{"name":"(anonymous_2)","decl":{"start":{"line":10,"column":57},"end":{"line":10,"column":63}},"loc":{"start":{"line":10,"column":63},"end":{"line":13,"column":3}}},"3":{"name":"(anonymous_3)","decl":{"start":{"line":15,"column":40},"end":{"line":15,"column":46}},"loc":{"start":{"line":15,"column":46},"end":{"line":30,"column":3}}},"4":{"name":"(anonymous_4)","decl":{"start":{"line":16,"column":52},"end":{"line":16,"column":53}},"loc":{"start":{"line":16,"column":63},"end":{"line":21,"column":6}}},"5":{"name":"(anonymous_5)","decl":{"start":{"line":32,"column":77},"end":{"line":32,"column":83}},"loc":{"start":{"line":32,"column":83},"end":{"line":64,"column":3}}}},"branchMap":{},"s":{"0":1,"1":1,"2":3,"3":1,"4":1,"5":1,"6":1,"7":1,"8":5,"9":1,"10":1,"11":1,"12":1,"13":1,"14":1,"15":1,"16":1,"17":1,"18":1,"19":1,"20":1},"f":{"0":1,"1":3,"2":1,"3":1,"4":5,"5":1},"b":{}}
,"D:/TRIAL/syamresto-ui/src/tests/checkoutZust.test.ts": {"path":"D:/TRIAL/syamresto-ui/src/tests/checkoutZust.test.ts","statementMap":{"0":{"start":{"line":4,"column":0},"end":{"line":84,"column":null}},"1":{"start":{"line":5,"column":2},"end":{"line":8,"column":null}},"2":{"start":{"line":7,"column":4},"end":{"line":7,"column":null}},"3":{"start":{"line":10,"column":2},"end":{"line":13,"column":null}},"4":{"start":{"line":11,"column":18},"end":{"line":11,"column":null}},"5":{"start":{"line":12,"column":4},"end":{"line":12,"column":null}},"6":{"start":{"line":15,"column":2},"end":{"line":40,"column":null}},"7":{"start":{"line":16,"column":29},"end":{"line":31,"column":null}},"8":{"start":{"line":34,"column":4},"end":{"line":34,"column":null}},"9":{"start":{"line":36,"column":18},"end":{"line":36,"column":null}},"10":{"start":{"line":39,"column":4},"end":{"line":39,"column":null}},"11":{"start":{"line":42,"column":2},"end":{"line":83,"column":null}},"12":{"start":{"line":43,"column":27},"end":{"line":51,"column":null}},"13":{"start":{"line":53,"column":27},"end":{"line":68,"column":null}},"14":{"start":{"line":71,"column":4},"end":{"line":71,"column":null}},"15":{"start":{"line":72,"column":16},"end":{"line":72,"column":null}},"16":{"start":{"line":75,"column":4},"end":{"line":75,"column":null}},"17":{"start":{"line":78,"column":4},"end":{"line":78,"column":null}},"18":{"start":{"line":79,"column":4},"end":{"line":79,"column":null}},"19":{"start":{"line":82,"column":4},"end":{"line":82,"column":null}}},"fnMap":{"0":{"name":"(anonymous_0)","decl":{"start":{"line":4,"column":33},"end":{"line":4,"column":39}},"loc":{"start":{"line":4,"column":39},"end":{"line":84,"column":1}}},"1":{"name":"(anonymous_1)","decl":{"start":{"line":5,"column":13},"end":{"line":5,"column":19}},"loc":{"start":{"line":5,"column":19},"end":{"line":8,"column":3}}},"2":{"name":"(anonymous_2)","decl":{"start":{"line":10,"column":59},"end":{"line":10,"column":65}},"loc":{"start":{"line":10,"column":65},"end":{"line":13,"column":3}}},"3":{"name":"(anonymous_3)","decl":{"start":{"line":15,"column":42},"end":{"line":15,"column":48}},"loc":{"start":{"line":15,"column":48},"end":{"line":40,"column":3}}},"4":{"name":"(anonymous_4)","decl":{"start":{"line":42,"column":81},"end":{"line":42,"column":87}},"loc":{"start":{"line":42,"column":87},"end":{"line":83,"column":3}}}},"branchMap":{},"s":{"0":1,"1":1,"2":3,"3":1,"4":1,"5":1,"6":1,"7":1,"8":1,"9":1,"10":1,"11":1,"12":1,"13":1,"14":1,"15":1,"16":1,"17":1,"18":1,"19":1},"f":{"0":1,"1":3,"2":1,"3":1,"4":1},"b":{}}
,"D:/TRIAL/syamresto-ui/src/tests/cookies.test.ts": {"path":"D:/TRIAL/syamresto-ui/src/tests/cookies.test.ts","statementMap":{"0":{"start":{"line":4,"column":0},"end":{"line":58,"column":null}},"1":{"start":{"line":7,"column":2},"end":{"line":15,"column":null}},"2":{"start":{"line":9,"column":4},"end":{"line":9,"column":null}},"3":{"start":{"line":11,"column":4},"end":{"line":14,"column":null}},"4":{"start":{"line":17,"column":2},"end":{"line":23,"column":null}},"5":{"start":{"line":19,"column":4},"end":{"line":22,"column":null}},"6":{"start":{"line":25,"column":2},"end":{"line":35,"column":null}},"7":{"start":{"line":26,"column":17},"end":{"line":26,"column":null}},"8":{"start":{"line":27,"column":18},"end":{"line":27,"column":null}},"9":{"start":{"line":28,"column":17},"end":{"line":28,"column":null}},"10":{"start":{"line":30,"column":4},"end":{"line":30,"column":null}},"11":{"start":{"line":33,"column":4},"end":{"line":33,"column":null}},"12":{"start":{"line":34,"column":4},"end":{"line":34,"column":null}},"13":{"start":{"line":37,"column":2},"end":{"line":48,"column":null}},"14":{"start":{"line":38,"column":17},"end":{"line":38,"column":null}},"15":{"start":{"line":39,"column":18},"end":{"line":39,"column":null}},"16":{"start":{"line":42,"column":4},"end":{"line":42,"column":null}},"17":{"start":{"line":44,"column":19},"end":{"line":44,"column":null}},"18":{"start":{"line":47,"column":4},"end":{"line":47,"column":null}},"19":{"start":{"line":50,"column":2},"end":{"line":57,"column":null}},"20":{"start":{"line":51,"column":17},"end":{"line":51,"column":null}},"21":{"start":{"line":53,"column":19},"end":{"line":53,"column":null}},"22":{"start":{"line":56,"column":4},"end":{"line":56,"column":null}}},"fnMap":{"0":{"name":"(anonymous_0)","decl":{"start":{"line":4,"column":29},"end":{"line":4,"column":35}},"loc":{"start":{"line":4,"column":35},"end":{"line":58,"column":1}}},"1":{"name":"(anonymous_1)","decl":{"start":{"line":7,"column":13},"end":{"line":7,"column":19}},"loc":{"start":{"line":7,"column":19},"end":{"line":15,"column":3}}},"2":{"name":"(anonymous_2)","decl":{"start":{"line":17,"column":12},"end":{"line":17,"column":18}},"loc":{"start":{"line":17,"column":18},"end":{"line":23,"column":3}}},"3":{"name":"(anonymous_3)","decl":{"start":{"line":25,"column":71},"end":{"line":25,"column":77}},"loc":{"start":{"line":25,"column":77},"end":{"line":35,"column":3}}},"4":{"name":"(anonymous_4)","decl":{"start":{"line":37,"column":44},"end":{"line":37,"column":50}},"loc":{"start":{"line":37,"column":50},"end":{"line":48,"column":3}}},"5":{"name":"(anonymous_5)","decl":{"start":{"line":50,"column":50},"end":{"line":50,"column":56}},"loc":{"start":{"line":50,"column":56},"end":{"line":57,"column":3}}}},"branchMap":{},"s":{"0":1,"1":1,"2":3,"3":3,"4":1,"5":3,"6":1,"7":1,"8":1,"9":1,"10":1,"11":1,"12":1,"13":1,"14":1,"15":1,"16":1,"17":1,"18":1,"19":1,"20":1,"21":1,"22":1},"f":{"0":1,"1":3,"2":3,"3":1,"4":1,"5":1},"b":{}}
,"D:/TRIAL/syamresto-ui/src/tests/filterMenuZust.test.ts": {"path":"D:/TRIAL/syamresto-ui/src/tests/filterMenuZust.test.ts","statementMap":{"0":{"start":{"line":4,"column":0},"end":{"line":76,"column":null}},"1":{"start":{"line":5,"column":2},"end":{"line":18,"column":null}},"2":{"start":{"line":7,"column":4},"end":{"line":17,"column":null}},"3":{"start":{"line":20,"column":2},"end":{"line":31,"column":null}},"4":{"start":{"line":21,"column":18},"end":{"line":21,"column":null}},"5":{"start":{"line":22,"column":4},"end":{"line":30,"column":null}},"6":{"start":{"line":33,"column":2},"end":{"line":51,"column":null}},"7":{"start":{"line":34,"column":22},"end":{"line":42,"column":null}},"8":{"start":{"line":45,"column":4},"end":{"line":45,"column":null}},"9":{"start":{"line":47,"column":18},"end":{"line":47,"column":null}},"10":{"start":{"line":50,"column":4},"end":{"line":50,"column":null}},"11":{"start":{"line":53,"column":2},"end":{"line":75,"column":null}},"12":{"start":{"line":54,"column":32},"end":{"line":57,"column":null}},"13":{"start":{"line":60,"column":4},"end":{"line":63,"column":null}},"14":{"start":{"line":65,"column":18},"end":{"line":65,"column":null}},"15":{"start":{"line":68,"column":4},"end":{"line":68,"column":null}},"16":{"start":{"line":69,"column":4},"end":{"line":69,"column":null}},"17":{"start":{"line":70,"column":4},"end":{"line":70,"column":null}},"18":{"start":{"line":71,"column":4},"end":{"line":71,"column":null}},"19":{"start":{"line":72,"column":4},"end":{"line":72,"column":null}},"20":{"start":{"line":73,"column":4},"end":{"line":73,"column":null}},"21":{"start":{"line":74,"column":4},"end":{"line":74,"column":null}}},"fnMap":{"0":{"name":"(anonymous_0)","decl":{"start":{"line":4,"column":26},"end":{"line":4,"column":32}},"loc":{"start":{"line":4,"column":32},"end":{"line":76,"column":1}}},"1":{"name":"(anonymous_1)","decl":{"start":{"line":5,"column":13},"end":{"line":5,"column":19}},"loc":{"start":{"line":5,"column":19},"end":{"line":18,"column":3}}},"2":{"name":"(anonymous_2)","decl":{"start":{"line":20,"column":56},"end":{"line":20,"column":62}},"loc":{"start":{"line":20,"column":62},"end":{"line":31,"column":3}}},"3":{"name":"(anonymous_3)","decl":{"start":{"line":33,"column":60},"end":{"line":33,"column":66}},"loc":{"start":{"line":33,"column":66},"end":{"line":51,"column":3}}},"4":{"name":"(anonymous_4)","decl":{"start":{"line":53,"column":76},"end":{"line":53,"column":82}},"loc":{"start":{"line":53,"column":82},"end":{"line":75,"column":3}}}},"branchMap":{},"s":{"0":1,"1":1,"2":3,"3":1,"4":1,"5":1,"6":1,"7":1,"8":1,"9":1,"10":1,"11":1,"12":1,"13":1,"14":1,"15":1,"16":1,"17":1,"18":1,"19":1,"20":1,"21":1},"f":{"0":1,"1":3,"2":1,"3":1,"4":1},"b":{}}
,"D:/TRIAL/syamresto-ui/src/tests/menuDataZust.test.ts": {"path":"D:/TRIAL/syamresto-ui/src/tests/menuDataZust.test.ts","statementMap":{"0":{"start":{"line":4,"column":0},"end":{"line":93,"column":null}},"1":{"start":{"line":5,"column":2},"end":{"line":8,"column":null}},"2":{"start":{"line":7,"column":4},"end":{"line":7,"column":null}},"3":{"start":{"line":10,"column":2},"end":{"line":13,"column":null}},"4":{"start":{"line":11,"column":18},"end":{"line":11,"column":null}},"5":{"start":{"line":12,"column":4},"end":{"line":12,"column":null}},"6":{"start":{"line":15,"column":2},"end":{"line":40,"column":null}},"7":{"start":{"line":16,"column":24},"end":{"line":31,"column":null}},"8":{"start":{"line":16,"column":62},"end":{"line":31,"column":6}},"9":{"start":{"line":34,"column":4},"end":{"line":34,"column":null}},"10":{"start":{"line":36,"column":18},"end":{"line":36,"column":null}},"11":{"start":{"line":39,"column":4},"end":{"line":39,"column":null}},"12":{"start":{"line":42,"column":2},"end":{"line":92,"column":null}},"13":{"start":{"line":43,"column":28},"end":{"line":60,"column":null}},"14":{"start":{"line":63,"column":4},"end":{"line":63,"column":null}},"15":{"start":{"line":65,"column":34},"end":{"line":65,"column":null}},"16":{"start":{"line":66,"column":4},"end":{"line":66,"column":null}},"17":{"start":{"line":69,"column":28},"end":{"line":86,"column":null}},"18":{"start":{"line":87,"column":4},"end":{"line":87,"column":null}},"19":{"start":{"line":89,"column":35},"end":{"line":89,"column":null}},"20":{"start":{"line":91,"column":4},"end":{"line":91,"column":null}}},"fnMap":{"0":{"name":"(anonymous_0)","decl":{"start":{"line":4,"column":28},"end":{"line":4,"column":34}},"loc":{"start":{"line":4,"column":34},"end":{"line":93,"column":1}}},"1":{"name":"(anonymous_1)","decl":{"start":{"line":5,"column":13},"end":{"line":5,"column":19}},"loc":{"start":{"line":5,"column":19},"end":{"line":8,"column":3}}},"2":{"name":"(anonymous_2)","decl":{"start":{"line":10,"column":55},"end":{"line":10,"column":61}},"loc":{"start":{"line":10,"column":61},"end":{"line":13,"column":3}}},"3":{"name":"(anonymous_3)","decl":{"start":{"line":15,"column":58},"end":{"line":15,"column":64}},"loc":{"start":{"line":15,"column":64},"end":{"line":40,"column":3}}},"4":{"name":"(anonymous_4)","decl":{"start":{"line":16,"column":51},"end":{"line":16,"column":52}},"loc":{"start":{"line":16,"column":62},"end":{"line":31,"column":6}}},"5":{"name":"(anonymous_5)","decl":{"start":{"line":42,"column":62},"end":{"line":42,"column":68}},"loc":{"start":{"line":42,"column":68},"end":{"line":92,"column":3}}}},"branchMap":{},"s":{"0":1,"1":1,"2":3,"3":1,"4":1,"5":1,"6":1,"7":1,"8":72,"9":1,"10":1,"11":1,"12":1,"13":1,"14":1,"15":1,"16":1,"17":1,"18":1,"19":1,"20":1},"f":{"0":1,"1":3,"2":1,"3":1,"4":72,"5":1},"b":{}}
,"D:/TRIAL/syamresto-ui/src/tests/navigationZust.test.ts": {"path":"D:/TRIAL/syamresto-ui/src/tests/navigationZust.test.ts","statementMap":{"0":{"start":{"line":4,"column":0},"end":{"line":42,"column":null}},"1":{"start":{"line":5,"column":2},"end":{"line":8,"column":null}},"2":{"start":{"line":7,"column":4},"end":{"line":7,"column":null}},"3":{"start":{"line":10,"column":2},"end":{"line":15,"column":null}},"4":{"start":{"line":11,"column":18},"end":{"line":11,"column":null}},"5":{"start":{"line":14,"column":4},"end":{"line":14,"column":null}},"6":{"start":{"line":17,"column":2},"end":{"line":28,"column":null}},"7":{"start":{"line":18,"column":18},"end":{"line":18,"column":null}},"8":{"start":{"line":21,"column":4},"end":{"line":21,"column":null}},"9":{"start":{"line":24,"column":25},"end":{"line":24,"column":null}},"10":{"start":{"line":27,"column":4},"end":{"line":27,"column":null}},"11":{"start":{"line":30,"column":2},"end":{"line":41,"column":null}},"12":{"start":{"line":31,"column":18},"end":{"line":31,"column":null}},"13":{"start":{"line":34,"column":4},"end":{"line":34,"column":null}},"14":{"start":{"line":37,"column":25},"end":{"line":37,"column":null}},"15":{"start":{"line":40,"column":4},"end":{"line":40,"column":null}}},"fnMap":{"0":{"name":"(anonymous_0)","decl":{"start":{"line":4,"column":28},"end":{"line":4,"column":34}},"loc":{"start":{"line":4,"column":34},"end":{"line":42,"column":1}}},"1":{"name":"(anonymous_1)","decl":{"start":{"line":5,"column":13},"end":{"line":5,"column":19}},"loc":{"start":{"line":5,"column":19},"end":{"line":8,"column":3}}},"2":{"name":"(anonymous_2)","decl":{"start":{"line":10,"column":46},"end":{"line":10,"column":52}},"loc":{"start":{"line":10,"column":52},"end":{"line":15,"column":3}}},"3":{"name":"(anonymous_3)","decl":{"start":{"line":17,"column":62},"end":{"line":17,"column":68}},"loc":{"start":{"line":17,"column":68},"end":{"line":28,"column":3}}},"4":{"name":"(anonymous_4)","decl":{"start":{"line":30,"column":49},"end":{"line":30,"column":55}},"loc":{"start":{"line":30,"column":55},"end":{"line":41,"column":3}}}},"branchMap":{},"s":{"0":1,"1":1,"2":3,"3":1,"4":1,"5":1,"6":1,"7":1,"8":1,"9":1,"10":1,"11":1,"12":1,"13":1,"14":1,"15":1},"f":{"0":1,"1":3,"2":1,"3":1,"4":1},"b":{}}
,"D:/TRIAL/syamresto-ui/src/tests/searchMenu.test.ts": {"path":"D:/TRIAL/syamresto-ui/src/tests/searchMenu.test.ts","statementMap":{"0":{"start":{"line":4,"column":0},"end":{"line":42,"column":null}},"1":{"start":{"line":5,"column":2},"end":{"line":8,"column":null}},"2":{"start":{"line":7,"column":4},"end":{"line":7,"column":null}},"3":{"start":{"line":10,"column":2},"end":{"line":15,"column":null}},"4":{"start":{"line":11,"column":18},"end":{"line":11,"column":null}},"5":{"start":{"line":14,"column":4},"end":{"line":14,"column":null}},"6":{"start":{"line":17,"column":2},"end":{"line":28,"column":null}},"7":{"start":{"line":18,"column":18},"end":{"line":18,"column":null}},"8":{"start":{"line":21,"column":4},"end":{"line":21,"column":null}},"9":{"start":{"line":24,"column":25},"end":{"line":24,"column":null}},"10":{"start":{"line":27,"column":4},"end":{"line":27,"column":null}},"11":{"start":{"line":30,"column":2},"end":{"line":41,"column":null}},"12":{"start":{"line":31,"column":18},"end":{"line":31,"column":null}},"13":{"start":{"line":34,"column":4},"end":{"line":34,"column":null}},"14":{"start":{"line":37,"column":25},"end":{"line":37,"column":null}},"15":{"start":{"line":40,"column":4},"end":{"line":40,"column":null}}},"fnMap":{"0":{"name":"(anonymous_0)","decl":{"start":{"line":4,"column":30},"end":{"line":4,"column":36}},"loc":{"start":{"line":4,"column":36},"end":{"line":42,"column":1}}},"1":{"name":"(anonymous_1)","decl":{"start":{"line":5,"column":13},"end":{"line":5,"column":19}},"loc":{"start":{"line":5,"column":19},"end":{"line":8,"column":3}}},"2":{"name":"(anonymous_2)","decl":{"start":{"line":10,"column":54},"end":{"line":10,"column":60}},"loc":{"start":{"line":10,"column":60},"end":{"line":15,"column":3}}},"3":{"name":"(anonymous_3)","decl":{"start":{"line":17,"column":54},"end":{"line":17,"column":60}},"loc":{"start":{"line":17,"column":60},"end":{"line":28,"column":3}}},"4":{"name":"(anonymous_4)","decl":{"start":{"line":30,"column":42},"end":{"line":30,"column":48}},"loc":{"start":{"line":30,"column":48},"end":{"line":41,"column":3}}}},"branchMap":{},"s":{"0":1,"1":1,"2":3,"3":1,"4":1,"5":1,"6":1,"7":1,"8":1,"9":1,"10":1,"11":1,"12":1,"13":1,"14":1,"15":1},"f":{"0":1,"1":3,"2":1,"3":1,"4":1},"b":{}}
,"D:/TRIAL/syamresto-ui/src/tests/snackbar.test.ts": {"path":"D:/TRIAL/syamresto-ui/src/tests/snackbar.test.ts","statementMap":{"0":{"start":{"line":4,"column":0},"end":{"line":62,"column":null}},"1":{"start":{"line":5,"column":2},"end":{"line":14,"column":null}},"2":{"start":{"line":7,"column":4},"end":{"line":13,"column":null}},"3":{"start":{"line":16,"column":2},"end":{"line":23,"column":null}},"4":{"start":{"line":17,"column":18},"end":{"line":17,"column":null}},"5":{"start":{"line":20,"column":4},"end":{"line":20,"column":null}},"6":{"start":{"line":21,"column":4},"end":{"line":21,"column":null}},"7":{"start":{"line":22,"column":4},"end":{"line":22,"column":null}},"8":{"start":{"line":25,"column":2},"end":{"line":42,"column":null}},"9":{"start":{"line":26,"column":18},"end":{"line":26,"column":null}},"10":{"start":{"line":29,"column":4},"end":{"line":33,"column":null}},"11":{"start":{"line":36,"column":25},"end":{"line":36,"column":null}},"12":{"start":{"line":39,"column":4},"end":{"line":39,"column":null}},"13":{"start":{"line":40,"column":4},"end":{"line":40,"column":null}},"14":{"start":{"line":41,"column":4},"end":{"line":41,"column":null}},"15":{"start":{"line":44,"column":2},"end":{"line":61,"column":null}},"16":{"start":{"line":45,"column":18},"end":{"line":45,"column":null}},"17":{"start":{"line":48,"column":4},"end":{"line":52,"column":null}},"18":{"start":{"line":55,"column":25},"end":{"line":55,"column":null}},"19":{"start":{"line":58,"column":4},"end":{"line":58,"column":null}},"20":{"start":{"line":59,"column":4},"end":{"line":59,"column":null}},"21":{"start":{"line":60,"column":4},"end":{"line":60,"column":null}}},"fnMap":{"0":{"name":"(anonymous_0)","decl":{"start":{"line":4,"column":28},"end":{"line":4,"column":34}},"loc":{"start":{"line":4,"column":34},"end":{"line":62,"column":1}}},"1":{"name":"(anonymous_1)","decl":{"start":{"line":5,"column":13},"end":{"line":5,"column":19}},"loc":{"start":{"line":5,"column":19},"end":{"line":14,"column":3}}},"2":{"name":"(anonymous_2)","decl":{"start":{"line":16,"column":55},"end":{"line":16,"column":61}},"loc":{"start":{"line":16,"column":61},"end":{"line":23,"column":3}}},"3":{"name":"(anonymous_3)","decl":{"start":{"line":25,"column":64},"end":{"line":25,"column":70}},"loc":{"start":{"line":25,"column":70},"end":{"line":42,"column":3}}},"4":{"name":"(anonymous_4)","decl":{"start":{"line":44,"column":55},"end":{"line":44,"column":61}},"loc":{"start":{"line":44,"column":61},"end":{"line":61,"column":3}}}},"branchMap":{},"s":{"0":1,"1":1,"2":3,"3":1,"4":1,"5":1,"6":1,"7":1,"8":1,"9":1,"10":1,"11":1,"12":1,"13":1,"14":1,"15":1,"16":1,"17":1,"18":1,"19":1,"20":1,"21":1},"f":{"0":1,"1":3,"2":1,"3":1,"4":1},"b":{}}
,"D:/TRIAL/syamresto-ui/src/utils/api/index.ts": {"path":"D:/TRIAL/syamresto-ui/src/utils/api/index.ts","statementMap":{"0":{"start":{"line":9,"column":28},"end":{"line":23,"column":null}},"1":{"start":{"line":10,"column":2},"end":{"line":22,"column":null}},"2":{"start":{"line":11,"column":35},"end":{"line":11,"column":null}},"3":{"start":{"line":12,"column":28},"end":{"line":17,"column":null}},"4":{"start":{"line":13,"column":6},"end":{"line":16,"column":null}},"5":{"start":{"line":18,"column":4},"end":{"line":18,"column":null}},"6":{"start":{"line":20,"column":4},"end":{"line":20,"column":null}},"7":{"start":{"line":21,"column":4},"end":{"line":21,"column":null}},"8":{"start":{"line":25,"column":30},"end":{"line":39,"column":null}},"9":{"start":{"line":26,"column":2},"end":{"line":38,"column":null}},"10":{"start":{"line":27,"column":21},"end":{"line":27,"column":null}},"11":{"start":{"line":28,"column":30},"end":{"line":33,"column":null}},"12":{"start":{"line":29,"column":6},"end":{"line":32,"column":null}},"13":{"start":{"line":34,"column":4},"end":{"line":34,"column":null}},"14":{"start":{"line":36,"column":4},"end":{"line":36,"column":null}},"15":{"start":{"line":37,"column":4},"end":{"line":37,"column":null}},"16":{"start":{"line":41,"column":28},"end":{"line":57,"column":null}},"17":{"start":{"line":42,"column":2},"end":{"line":56,"column":null}},"18":{"start":{"line":43,"column":21},"end":{"line":43,"column":null}},"19":{"start":{"line":44,"column":29},"end":{"line":51,"column":null}},"20":{"start":{"line":46,"column":8},"end":{"line":49,"column":null}},"21":{"start":{"line":52,"column":4},"end":{"line":52,"column":null}},"22":{"start":{"line":54,"column":4},"end":{"line":54,"column":null}},"23":{"start":{"line":55,"column":4},"end":{"line":55,"column":null}},"24":{"start":{"line":59,"column":27},"end":{"line":73,"column":null}},"25":{"start":{"line":60,"column":2},"end":{"line":72,"column":null}},"26":{"start":{"line":61,"column":21},"end":{"line":61,"column":null}},"27":{"start":{"line":62,"column":28},"end":{"line":67,"column":null}},"28":{"start":{"line":63,"column":6},"end":{"line":66,"column":null}},"29":{"start":{"line":68,"column":4},"end":{"line":68,"column":null}},"30":{"start":{"line":70,"column":4},"end":{"line":70,"column":null}},"31":{"start":{"line":71,"column":4},"end":{"line":71,"column":null}}},"fnMap":{"0":{"name":"(anonymous_0)","decl":{"start":{"line":9,"column":28},"end":{"line":9,"column":40}},"loc":{"start":{"line":9,"column":40},"end":{"line":23,"column":null}}},"1":{"name":"(anonymous_1)","decl":{"start":{"line":12,"column":51},"end":{"line":12,"column":52}},"loc":{"start":{"line":12,"column":71},"end":{"line":17,"column":5}}},"2":{"name":"(anonymous_2)","decl":{"start":{"line":25,"column":30},"end":{"line":25,"column":42}},"loc":{"start":{"line":25,"column":42},"end":{"line":39,"column":null}}},"3":{"name":"(anonymous_3)","decl":{"start":{"line":28,"column":53},"end":{"line":28,"column":54}},"loc":{"start":{"line":28,"column":77},"end":{"line":33,"column":5}}},"4":{"name":"(anonymous_4)","decl":{"start":{"line":41,"column":28},"end":{"line":41,"column":40}},"loc":{"start":{"line":41,"column":40},"end":{"line":57,"column":null}}},"5":{"name":"(anonymous_5)","decl":{"start":{"line":45,"column":6},"end":{"line":45,"column":7}},"loc":{"start":{"line":45,"column":35},"end":{"line":50,"column":null}}},"6":{"name":"(anonymous_6)","decl":{"start":{"line":59,"column":27},"end":{"line":59,"column":39}},"loc":{"start":{"line":59,"column":39},"end":{"line":73,"column":null}}},"7":{"name":"(anonymous_7)","decl":{"start":{"line":62,"column":51},"end":{"line":62,"column":52}},"loc":{"start":{"line":62,"column":79},"end":{"line":67,"column":5}}}},"branchMap":{},"s":{"0":1,"1":3,"2":3,"3":1,"4":72,"5":1,"6":2,"7":2,"8":1,"9":3,"10":3,"11":1,"12":5,"13":1,"14":2,"15":2,"16":1,"17":3,"18":3,"19":1,"20":9,"21":1,"22":2,"23":2,"24":1,"25":3,"26":3,"27":1,"28":7,"29":1,"30":2,"31":2},"f":{"0":3,"1":72,"2":3,"3":5,"4":3,"5":9,"6":3,"7":7},"b":{}}
,"D:/TRIAL/syamresto-ui/src/utils/axios/instance.ts": {"path":"D:/TRIAL/syamresto-ui/src/utils/axios/instance.ts","statementMap":{"0":{"start":{"line":3,"column":12},"end":{"line":6,"column":null}},"1":{"start":{"line":8,"column":0},"end":{"line":13,"column":null}},"2":{"start":{"line":10,"column":4},"end":{"line":10,"column":null}},"3":{"start":{"line":12,"column":13},"end":{"line":12,"column":null}},"4":{"start":{"line":15,"column":0},"end":{"line":20,"column":null}},"5":{"start":{"line":16,"column":16},"end":{"line":16,"column":null}},"6":{"start":{"line":18,"column":4},"end":{"line":18,"column":null}}},"fnMap":{"0":{"name":"(anonymous_0)","decl":{"start":{"line":9,"column":2},"end":{"line":9,"column":3}},"loc":{"start":{"line":9,"column":14},"end":{"line":11,"column":null}}},"1":{"name":"(anonymous_1)","decl":{"start":{"line":12,"column":2},"end":{"line":12,"column":3}},"loc":{"start":{"line":12,"column":13},"end":{"line":12,"column":null}}},"2":{"name":"(anonymous_2)","decl":{"start":{"line":16,"column":2},"end":{"line":16,"column":3}},"loc":{"start":{"line":16,"column":16},"end":{"line":16,"column":null}}},"3":{"name":"(anonymous_3)","decl":{"start":{"line":17,"column":2},"end":{"line":17,"column":3}},"loc":{"start":{"line":17,"column":13},"end":{"line":19,"column":null}}}},"branchMap":{},"s":{"0":2,"1":2,"2":7,"3":0,"4":2,"5":6,"6":1},"f":{"0":7,"1":0,"2":6,"3":1},"b":{}}
,"D:/TRIAL/syamresto-ui/src/utils/cookies/instance.ts": {"path":"D:/TRIAL/syamresto-ui/src/utils/cookies/instance.ts","statementMap":{"0":{"start":{"line":1,"column":25},"end":{"line":6,"column":null}},"1":{"start":{"line":2,"column":15},"end":{"line":2,"column":null}},"2":{"start":{"line":3,"column":2},"end":{"line":3,"column":null}},"3":{"start":{"line":4,"column":18},"end":{"line":4,"column":null}},"4":{"start":{"line":5,"column":2},"end":{"line":5,"column":null}},"5":{"start":{"line":8,"column":25},"end":{"line":17,"column":null}},"6":{"start":{"line":9,"column":17},"end":{"line":9,"column":null}},"7":{"start":{"line":10,"column":13},"end":{"line":10,"column":null}},"8":{"start":{"line":11,"column":2},"end":{"line":15,"column":null}},"9":{"start":{"line":11,"column":15},"end":{"line":11,"column":18}},"10":{"start":{"line":12,"column":12},"end":{"line":12,"column":null}},"11":{"start":{"line":13,"column":4},"end":{"line":13,"column":null}},"12":{"start":{"line":13,"column":32},"end":{"line":13,"column":null}},"13":{"start":{"line":14,"column":4},"end":{"line":14,"column":null}},"14":{"start":{"line":14,"column":33},"end":{"line":14,"column":null}},"15":{"start":{"line":16,"column":2},"end":{"line":16,"column":null}}},"fnMap":{"0":{"name":"(anonymous_0)","decl":{"start":{"line":1,"column":25},"end":{"line":1,"column":26}},"loc":{"start":{"line":1,"column":72},"end":{"line":6,"column":null}}},"1":{"name":"(anonymous_1)","decl":{"start":{"line":8,"column":25},"end":{"line":8,"column":26}},"loc":{"start":{"line":8,"column":43},"end":{"line":17,"column":null}}}},"branchMap":{"0":{"loc":{"start":{"line":14,"column":4},"end":{"line":14,"column":null}},"type":"if","locations":[{"start":{"line":14,"column":4},"end":{"line":14,"column":null}},{"start":{},"end":{}}]}},"s":{"0":2,"1":1,"2":1,"3":1,"4":1,"5":2,"6":2,"7":2,"8":2,"9":2,"10":2,"11":2,"12":0,"13":2,"14":1,"15":1},"f":{"0":1,"1":2},"b":{"0":[1,1]}}
,"D:/TRIAL/syamresto-ui/src/utils/zustand/cartItems.ts": {"path":"D:/TRIAL/syamresto-ui/src/utils/zustand/cartItems.ts","statementMap":{"0":{"start":{"line":13,"column":32},"end":{"line":46,"column":null}},"1":{"start":{"line":13,"column":64},"end":{"line":46,"column":2}},"2":{"start":{"line":16,"column":4},"end":{"line":30,"column":null}},"3":{"start":{"line":17,"column":32},"end":{"line":19,"column":null}},"4":{"start":{"line":18,"column":18},"end":{"line":18,"column":null}},"5":{"start":{"line":20,"column":6},"end":{"line":29,"column":null}},"6":{"start":{"line":21,"column":33},"end":{"line":21,"column":null}},"7":{"start":{"line":22,"column":8},"end":{"line":22,"column":null}},"8":{"start":{"line":23,"column":8},"end":{"line":23,"column":null}},"9":{"start":{"line":24,"column":8},"end":{"line":24,"column":null}},"10":{"start":{"line":26,"column":29},"end":{"line":26,"column":null}},"11":{"start":{"line":27,"column":8},"end":{"line":27,"column":null}},"12":{"start":{"line":28,"column":8},"end":{"line":28,"column":null}},"13":{"start":{"line":33,"column":4},"end":{"line":45,"column":null}},"14":{"start":{"line":34,"column":24},"end":{"line":34,"column":null}},"15":{"start":{"line":34,"column":60},"end":{"line":34,"column":74}},"16":{"start":{"line":35,"column":6},"end":{"line":43,"column":null}},"17":{"start":{"line":36,"column":33},"end":{"line":36,"column":null}},"18":{"start":{"line":37,"column":8},"end":{"line":37,"column":null}},"19":{"start":{"line":38,"column":8},"end":{"line":40,"column":null}},"20":{"start":{"line":39,"column":10},"end":{"line":39,"column":null}},"21":{"start":{"line":41,"column":8},"end":{"line":41,"column":null}},"22":{"start":{"line":42,"column":8},"end":{"line":42,"column":null}},"23":{"start":{"line":44,"column":6},"end":{"line":44,"column":null}}},"fnMap":{"0":{"name":"(anonymous_0)","decl":{"start":{"line":13,"column":54},"end":{"line":13,"column":55}},"loc":{"start":{"line":13,"column":64},"end":{"line":46,"column":2}}},"1":{"name":"(anonymous_1)","decl":{"start":{"line":15,"column":16},"end":{"line":15,"column":17}},"loc":{"start":{"line":16,"column":4},"end":{"line":30,"column":null}}},"2":{"name":"(anonymous_2)","decl":{"start":{"line":16,"column":8},"end":{"line":16,"column":9}},"loc":{"start":{"line":16,"column":19},"end":{"line":30,"column":5}}},"3":{"name":"(anonymous_3)","decl":{"start":{"line":18,"column":8},"end":{"line":18,"column":9}},"loc":{"start":{"line":18,"column":18},"end":{"line":18,"column":null}}},"4":{"name":"(anonymous_4)","decl":{"start":{"line":32,"column":19},"end":{"line":32,"column":20}},"loc":{"start":{"line":33,"column":4},"end":{"line":45,"column":null}}},"5":{"name":"(anonymous_5)","decl":{"start":{"line":33,"column":8},"end":{"line":33,"column":9}},"loc":{"start":{"line":33,"column":19},"end":{"line":45,"column":5}}},"6":{"name":"(anonymous_6)","decl":{"start":{"line":34,"column":50},"end":{"line":34,"column":51}},"loc":{"start":{"line":34,"column":60},"end":{"line":34,"column":74}}}},"branchMap":{"0":{"loc":{"start":{"line":14,"column":13},"end":{"line":14,"column":null}},"type":"binary-expr","locations":[{"start":{"line":14,"column":13},"end":{"line":14,"column":59}},{"start":{"line":14,"column":59},"end":{"line":14,"column":null}}]},"1":{"loc":{"start":{"line":14,"column":24},"end":{"line":14,"column":54}},"type":"binary-expr","locations":[{"start":{"line":14,"column":24},"end":{"line":14,"column":50}},{"start":{"line":14,"column":50},"end":{"line":14,"column":54}}]},"2":{"loc":{"start":{"line":20,"column":6},"end":{"line":29,"column":null}},"type":"if","locations":[{"start":{"line":20,"column":6},"end":{"line":29,"column":null}},{"start":{"line":25,"column":13},"end":{"line":29,"column":null}}]},"3":{"loc":{"start":{"line":35,"column":6},"end":{"line":43,"column":null}},"type":"if","locations":[{"start":{"line":35,"column":6},"end":{"line":43,"column":null}},{"start":{},"end":{}}]},"4":{"loc":{"start":{"line":38,"column":8},"end":{"line":40,"column":null}},"type":"if","locations":[{"start":{"line":38,"column":8},"end":{"line":40,"column":null}},{"start":{},"end":{}}]}},"s":{"0":1,"1":1,"2":7,"3":7,"4":1,"5":7,"6":1,"7":1,"8":1,"9":1,"10":6,"11":6,"12":6,"13":3,"14":3,"15":3,"16":3,"17":2,"18":2,"19":2,"20":1,"21":2,"22":2,"23":1},"f":{"0":1,"1":7,"2":7,"3":1,"4":3,"5":3,"6":3},"b":{"0":[1,0],"1":[1,1],"2":[1,6],"3":[2,1],"4":[1,1]}}
,"D:/TRIAL/syamresto-ui/src/utils/zustand/categoriesState.ts": {"path":"D:/TRIAL/syamresto-ui/src/utils/zustand/categoriesState.ts","statementMap":{"0":{"start":{"line":11,"column":31},"end":{"line":14,"column":null}},"1":{"start":{"line":11,"column":63},"end":{"line":14,"column":2}},"2":{"start":{"line":13,"column":33},"end":{"line":13,"column":null}},"3":{"start":{"line":13,"column":44},"end":{"line":13,"column":59}}},"fnMap":{"0":{"name":"(anonymous_0)","decl":{"start":{"line":11,"column":53},"end":{"line":11,"column":54}},"loc":{"start":{"line":11,"column":63},"end":{"line":14,"column":2}}},"1":{"name":"(anonymous_1)","decl":{"start":{"line":13,"column":17},"end":{"line":13,"column":18}},"loc":{"start":{"line":13,"column":33},"end":{"line":13,"column":null}}},"2":{"name":"(anonymous_2)","decl":{"start":{"line":13,"column":37},"end":{"line":13,"column":44}},"loc":{"start":{"line":13,"column":44},"end":{"line":13,"column":59}}}},"branchMap":{},"s":{"0":1,"1":1,"2":3,"3":3},"f":{"0":1,"1":3,"2":3},"b":{}}
,"D:/TRIAL/syamresto-ui/src/utils/zustand/checkoutItem.ts": {"path":"D:/TRIAL/syamresto-ui/src/utils/zustand/checkoutItem.ts","statementMap":{"0":{"start":{"line":11,"column":36},"end":{"line":14,"column":null}},"1":{"start":{"line":11,"column":68},"end":{"line":14,"column":2}},"2":{"start":{"line":13,"column":37},"end":{"line":13,"column":null}}},"fnMap":{"0":{"name":"(anonymous_0)","decl":{"start":{"line":11,"column":58},"end":{"line":11,"column":59}},"loc":{"start":{"line":11,"column":68},"end":{"line":14,"column":2}}},"1":{"name":"(anonymous_1)","decl":{"start":{"line":13,"column":19},"end":{"line":13,"column":20}},"loc":{"start":{"line":13,"column":37},"end":{"line":13,"column":null}}}},"branchMap":{},"s":{"0":1,"1":1,"2":3},"f":{"0":1,"1":3},"b":{}}
,"D:/TRIAL/syamresto-ui/src/utils/zustand/filterMenu.ts": {"path":"D:/TRIAL/syamresto-ui/src/utils/zustand/filterMenu.ts","statementMap":{"0":{"start":{"line":11,"column":29},"end":{"line":22,"column":null}},"1":{"start":{"line":11,"column":61},"end":{"line":22,"column":2}},"2":{"start":{"line":21,"column":25},"end":{"line":21,"column":null}},"3":{"start":{"line":21,"column":36},"end":{"line":21,"column":47}}},"fnMap":{"0":{"name":"(anonymous_0)","decl":{"start":{"line":11,"column":51},"end":{"line":11,"column":52}},"loc":{"start":{"line":11,"column":61},"end":{"line":22,"column":2}}},"1":{"name":"(anonymous_1)","decl":{"start":{"line":21,"column":13},"end":{"line":21,"column":14}},"loc":{"start":{"line":21,"column":25},"end":{"line":21,"column":null}}},"2":{"name":"(anonymous_2)","decl":{"start":{"line":21,"column":29},"end":{"line":21,"column":36}},"loc":{"start":{"line":21,"column":36},"end":{"line":21,"column":47}}}},"branchMap":{},"s":{"0":1,"1":1,"2":2,"3":2},"f":{"0":1,"1":2,"2":2},"b":{}}
,"D:/TRIAL/syamresto-ui/src/utils/zustand/menuData.ts": {"path":"D:/TRIAL/syamresto-ui/src/utils/zustand/menuData.ts","statementMap":{"0":{"start":{"line":11,"column":31},"end":{"line":14,"column":null}},"1":{"start":{"line":11,"column":63},"end":{"line":14,"column":2}},"2":{"start":{"line":13,"column":41},"end":{"line":13,"column":null}},"3":{"start":{"line":13,"column":52},"end":{"line":13,"column":65}}},"fnMap":{"0":{"name":"(anonymous_0)","decl":{"start":{"line":11,"column":53},"end":{"line":11,"column":54}},"loc":{"start":{"line":11,"column":63},"end":{"line":14,"column":2}}},"1":{"name":"(anonymous_1)","decl":{"start":{"line":13,"column":15},"end":{"line":13,"column":16}},"loc":{"start":{"line":13,"column":41},"end":{"line":13,"column":null}}},"2":{"name":"(anonymous_2)","decl":{"start":{"line":13,"column":45},"end":{"line":13,"column":52}},"loc":{"start":{"line":13,"column":52},"end":{"line":13,"column":65}}}},"branchMap":{},"s":{"0":1,"1":1,"2":3,"3":3},"f":{"0":1,"1":3,"2":3},"b":{}}
,"D:/TRIAL/syamresto-ui/src/utils/zustand/navigation.ts": {"path":"D:/TRIAL/syamresto-ui/src/utils/zustand/navigation.ts","statementMap":{"0":{"start":{"line":14,"column":31},"end":{"line":17,"column":null}},"1":{"start":{"line":14,"column":63},"end":{"line":17,"column":2}},"2":{"start":{"line":16,"column":33},"end":{"line":16,"column":null}},"3":{"start":{"line":16,"column":44},"end":{"line":16,"column":59}}},"fnMap":{"0":{"name":"(anonymous_0)","decl":{"start":{"line":14,"column":53},"end":{"line":14,"column":54}},"loc":{"start":{"line":14,"column":63},"end":{"line":17,"column":2}}},"1":{"name":"(anonymous_1)","decl":{"start":{"line":16,"column":17},"end":{"line":16,"column":18}},"loc":{"start":{"line":16,"column":33},"end":{"line":16,"column":null}}},"2":{"name":"(anonymous_2)","decl":{"start":{"line":16,"column":37},"end":{"line":16,"column":44}},"loc":{"start":{"line":16,"column":44},"end":{"line":16,"column":59}}}},"branchMap":{},"s":{"0":1,"1":1,"2":2,"3":2},"f":{"0":1,"1":2,"2":2},"b":{}}
,"D:/TRIAL/syamresto-ui/src/utils/zustand/searchMenu.ts": {"path":"D:/TRIAL/syamresto-ui/src/utils/zustand/searchMenu.ts","statementMap":{"0":{"start":{"line":11,"column":33},"end":{"line":14,"column":null}},"1":{"start":{"line":11,"column":65},"end":{"line":14,"column":2}},"2":{"start":{"line":13,"column":25},"end":{"line":13,"column":null}},"3":{"start":{"line":13,"column":36},"end":{"line":13,"column":47}}},"fnMap":{"0":{"name":"(anonymous_0)","decl":{"start":{"line":11,"column":55},"end":{"line":11,"column":56}},"loc":{"start":{"line":11,"column":65},"end":{"line":14,"column":2}}},"1":{"name":"(anonymous_1)","decl":{"start":{"line":13,"column":13},"end":{"line":13,"column":14}},"loc":{"start":{"line":13,"column":25},"end":{"line":13,"column":null}}},"2":{"name":"(anonymous_2)","decl":{"start":{"line":13,"column":29},"end":{"line":13,"column":36}},"loc":{"start":{"line":13,"column":36},"end":{"line":13,"column":47}}}},"branchMap":{},"s":{"0":1,"1":1,"2":2,"3":2},"f":{"0":1,"1":2,"2":2},"b":{}}
,"D:/TRIAL/syamresto-ui/src/utils/zustand/snackbar.ts": {"path":"D:/TRIAL/syamresto-ui/src/utils/zustand/snackbar.ts","statementMap":{"0":{"start":{"line":15,"column":31},"end":{"line":22,"column":null}},"1":{"start":{"line":15,"column":63},"end":{"line":22,"column":2}},"2":{"start":{"line":21,"column":46},"end":{"line":21,"column":null}}},"fnMap":{"0":{"name":"(anonymous_0)","decl":{"start":{"line":15,"column":53},"end":{"line":15,"column":54}},"loc":{"start":{"line":15,"column":63},"end":{"line":22,"column":2}}},"1":{"name":"(anonymous_1)","decl":{"start":{"line":21,"column":15},"end":{"line":21,"column":16}},"loc":{"start":{"line":21,"column":46},"end":{"line":21,"column":null}}}},"branchMap":{},"s":{"0":1,"1":1,"2":2},"f":{"0":1,"1":2},"b":{}}
}
